#
# There is insufficient memory for the Java Runtime Environment to continue.
# Native memory allocation (malloc) failed to allocate 1023808 bytes for Chunk::new
# Possible reasons:
#   The system is out of physical RAM or swap space
#   The process is running with CompressedOops enabled, and the Java Heap may be blocking the growth of the native heap
# Possible solutions:
#   Reduce memory load on the system
#   Increase physical memory or swap space
#   Check if swap backing store is full
#   Decrease Java heap size (-Xmx/-Xms)
#   Decrease number of Java threads
#   Decrease Java thread stack sizes (-Xss)
#   Set larger code cache with -XX:ReservedCodeCacheSize=
#   JVM is running with Unscaled Compressed Oops mode in which the Java heap is
#     placed in the first 4GB address space. The Java Heap base address is the
#     maximum limit for the native heap growth. Please use -XX:HeapBaseMinAddress
#     to set the Java Heap base and to place the Java Heap above 4GB virtual address.
# This output file may be truncated or incomplete.
#
#  Out of Memory Error (arena.cpp:189), pid=14620, tid=14904
#
# JRE version: OpenJDK Runtime Environment (17.0.6) (build 17.0.6+0-b2043.56-10027231)
# Java VM: OpenJDK 64-Bit Server VM (17.0.6+0-b2043.56-10027231, mixed mode, tiered, compressed oops, compressed class ptrs, g1 gc, windows-amd64)
# No core dump will be written. Minidumps are not enabled by default on client versions of Windows
#

---------------  S U M M A R Y ------------

Command Line: --add-opens=java.base/java.util=ALL-UNNAMED --add-opens=java.base/java.lang=ALL-UNNAMED --add-opens=java.base/java.lang.invoke=ALL-UNNAMED --add-opens=java.prefs/java.util.prefs=ALL-UNNAMED --add-opens=java.base/java.nio.charset=ALL-UNNAMED --add-opens=java.base/java.net=ALL-UNNAMED --add-opens=java.base/java.util.concurrent.atomic=ALL-UNNAMED -Xmx2048m -Dfile.encoding=UTF-8 -Duser.country=US -Duser.language=en -Duser.variant org.gradle.launcher.daemon.bootstrap.GradleDaemon 8.0

Host: 11th Gen Intel(R) Core(TM) i5-11320H @ 3.20GHz, 8 cores, 15G,  Windows 11 , 64 bit Build 22621 (10.0.22621.3527)
Time: Mon May 13 18:01:07 2024 Romance Daylight Time elapsed time: 8.521557 seconds (0d 0h 0m 8s)

---------------  T H R E A D  ---------------

Current thread (0x000002b5697ca850):  JavaThread "C2 CompilerThread1" daemon [_thread_in_native, id=14904, stack(0x000000ba59200000,0x000000ba59300000)]


Current CompileTask:
C2:   8521 6415       4       jdk.internal.loader.URLClassPath$JarLoader$2::getBytes (48 bytes)

Stack: [0x000000ba59200000,0x000000ba59300000]
Native frames: (J=compiled Java code, j=interpreted, Vv=VM code, C=native code)
V  [jvm.dll+0x683c9a]
V  [jvm.dll+0x8427a4]
V  [jvm.dll+0x843f9e]
V  [jvm.dll+0x844603]
V  [jvm.dll+0x249b75]
V  [jvm.dll+0xabcac]
V  [jvm.dll+0xac27c]
V  [jvm.dll+0x368857]
V  [jvm.dll+0x1bced2]
V  [jvm.dll+0x21c359]
V  [jvm.dll+0x21b621]
V  [jvm.dll+0x1a4fdd]
V  [jvm.dll+0x22b098]
V  [jvm.dll+0x229159]
V  [jvm.dll+0x7f81ec]
V  [jvm.dll+0x7f274a]
V  [jvm.dll+0x682ad5]
C  [ucrtbase.dll+0x29333]
C  [KERNEL32.DLL+0x1257d]
C  [ntdll.dll+0x5aa48]


---------------  P R O C E S S  ---------------

Threads class SMR info:
_java_thread_list=0x000002b57052ff40, length=128, elements={
0x000002b54e0fcf50, 0x000002b568838d10, 0x000002b5688397d0, 0x000002b5688824d0,
0x000002b568883080, 0x000002b568885c40, 0x000002b568888600, 0x000002b568889390,
0x000002b56888a230, 0x000002b56888ac20, 0x000002b568a08740, 0x000002b568a08c10,
0x000002b56a2bddc0, 0x000002b569d2ed20, 0x000002b56a2cf9d0, 0x000002b56b0e0640,
0x000002b56b0e0b10, 0x000002b56bc66030, 0x000002b56ba4d050, 0x000002b56a4cbf30,
0x000002b56a4c8570, 0x000002b56a4c93e0, 0x000002b56a4c98b0, 0x000002b56a4c9d80,
0x000002b56a4cb590, 0x000002b56a4ca250, 0x000002b56a4c8f10, 0x000002b56a4ca720,
0x000002b56a4cabf0, 0x000002b56a4cba60, 0x000002b56a4c8a40, 0x000002b56a4cb0c0,
0x000002b56cc700a0, 0x000002b56cc70a40, 0x000002b56cc70f10, 0x000002b56cc748d0,
0x000002b56cc713e0, 0x000002b56cc718b0, 0x000002b56cc74da0, 0x000002b56cc75c10,
0x000002b56cc73a60, 0x000002b56cc73590, 0x000002b56cc765b0, 0x000002b56cc76f50,
0x000002b56cc71d80, 0x000002b56cc72250, 0x000002b56cc778f0, 0x000002b56cc730c0,
0x000002b56cc75270, 0x000002b56cc760e0, 0x000002b56cc76a80, 0x000002b56cc72bf0,
0x000002b56cc70570, 0x000002b56cc73f30, 0x000002b56cc77420, 0x000002b57020cc00,
0x000002b57020f750, 0x000002b57020af20, 0x000002b57020edb0, 0x000002b57020f280,
0x000002b57020d5a0, 0x000002b570211430, 0x000002b570210f60, 0x000002b57020e410,
0x000002b570211dd0, 0x000002b57020da70, 0x000002b57020fc20, 0x000002b5702100f0,
0x000002b5702122a0, 0x000002b570211900, 0x000002b57020bd90, 0x000002b57020b3f0,
0x000002b570210a90, 0x000002b57020c730, 0x000002b5702105c0, 0x000002b57020d0d0,
0x000002b57020e8e0, 0x000002b570212770, 0x000002b57020df40, 0x000002b57020b8c0,
0x000002b57020c260, 0x000002b56d60acb0, 0x000002b56d609970, 0x000002b56d604c70,
0x000002b56d606480, 0x000002b56d60a7e0, 0x000002b56d608630, 0x000002b56d608b00,
0x000002b56d60a310, 0x000002b56d605ae0, 0x000002b56d60c4c0, 0x000002b56d6094a0,
0x000002b56d605140, 0x000002b56d608fd0, 0x000002b56d60bff0, 0x000002b56d609e40,
0x000002b56d60b180, 0x000002b56d605fb0, 0x000002b56d60b650, 0x000002b56d607c90,
0x000002b56d606950, 0x000002b56d606e20, 0x000002b56d605610, 0x000002b56d6072f0,
0x000002b56d60bb20, 0x000002b56d6077c0, 0x000002b56d608160, 0x000002b56bae5af0,
0x000002b56baea320, 0x000002b56bae2ad0, 0x000002b56bae94b0, 0x000002b56bae3470,
0x000002b56bae6960, 0x000002b56bae9980, 0x000002b56bae9e50, 0x000002b56bae2fa0,
0x000002b56bae5150, 0x000002b56bae3940, 0x000002b56bae3e10, 0x000002b56bae6e30,
0x000002b56bae42e0, 0x000002b56bae47b0, 0x000002b56bae4c80, 0x000002b56bae5620,
0x000002b5697ca850, 0x000002b56bae6490, 0x000002b56bae77d0, 0x000002b56d4c4490
}

Java Threads: ( => current thread )
  0x000002b54e0fcf50 JavaThread "main" [_thread_blocked, id=22364, stack(0x000000ba56100000,0x000000ba56200000)]
  0x000002b568838d10 JavaThread "Reference Handler" daemon [_thread_blocked, id=20488, stack(0x000000ba56800000,0x000000ba56900000)]
  0x000002b5688397d0 JavaThread "Finalizer" daemon [_thread_blocked, id=10984, stack(0x000000ba56900000,0x000000ba56a00000)]
  0x000002b5688824d0 JavaThread "Signal Dispatcher" daemon [_thread_blocked, id=20464, stack(0x000000ba56a00000,0x000000ba56b00000)]
  0x000002b568883080 JavaThread "Attach Listener" daemon [_thread_blocked, id=21724, stack(0x000000ba56b00000,0x000000ba56c00000)]
  0x000002b568885c40 JavaThread "Service Thread" daemon [_thread_blocked, id=21428, stack(0x000000ba56c00000,0x000000ba56d00000)]
  0x000002b568888600 JavaThread "Monitor Deflation Thread" daemon [_thread_blocked, id=16256, stack(0x000000ba56d00000,0x000000ba56e00000)]
  0x000002b568889390 JavaThread "C2 CompilerThread0" daemon [_thread_blocked, id=20756, stack(0x000000ba56e00000,0x000000ba56f00000)]
  0x000002b56888a230 JavaThread "C1 CompilerThread0" daemon [_thread_blocked, id=3868, stack(0x000000ba56f00000,0x000000ba57000000)]
  0x000002b56888ac20 JavaThread "Sweeper thread" daemon [_thread_blocked, id=20744, stack(0x000000ba57000000,0x000000ba57100000)]
  0x000002b568a08740 JavaThread "Common-Cleaner" daemon [_thread_blocked, id=19704, stack(0x000000ba57100000,0x000000ba57200000)]
  0x000002b568a08c10 JavaThread "Notification Thread" daemon [_thread_blocked, id=5756, stack(0x000000ba57200000,0x000000ba57300000)]
  0x000002b56a2bddc0 JavaThread "Daemon health stats" [_thread_blocked, id=15648, stack(0x000000ba57b00000,0x000000ba57c00000)]
  0x000002b569d2ed20 JavaThread "Incoming local TCP Connector on port 60395" [_thread_in_native, id=9092, stack(0x000000ba57a00000,0x000000ba57b00000)]
  0x000002b56a2cf9d0 JavaThread "Daemon periodic checks" [_thread_blocked, id=16220, stack(0x000000ba57c00000,0x000000ba57d00000)]
  0x000002b56b0e0640 JavaThread "Daemon" [_thread_blocked, id=20100, stack(0x000000ba57d00000,0x000000ba57e00000)]
  0x000002b56b0e0b10 JavaThread "Handler for socket connection from /127.0.0.1:60395 to /127.0.0.1:60396" [_thread_in_native, id=20720, stack(0x000000ba57e00000,0x000000ba57f00000)]
  0x000002b56bc66030 JavaThread "Cancel handler" [_thread_blocked, id=3416, stack(0x000000ba57f00000,0x000000ba58000000)]
  0x000002b56ba4d050 JavaThread "Daemon worker" [_thread_in_vm, id=14348, stack(0x000000ba58000000,0x000000ba58100000)]
  0x000002b56a4cbf30 JavaThread "Asynchronous log dispatcher for DefaultDaemonConnection: socket connection from /127.0.0.1:60395 to /127.0.0.1:60396" [_thread_blocked, id=20492, stack(0x000000ba58100000,0x000000ba58200000)]
  0x000002b56a4c8570 JavaThread "Stdin handler" [_thread_blocked, id=9572, stack(0x000000ba58200000,0x000000ba58300000)]
  0x000002b56a4c93e0 JavaThread "Daemon client event forwarder" [_thread_blocked, id=20468, stack(0x000000ba58300000,0x000000ba58400000)]
  0x000002b56a4c98b0 JavaThread "Cache worker for journal cache (C:\Users\oriol\.gradle\caches\journal-1)" [_thread_blocked, id=2000, stack(0x000000ba58600000,0x000000ba58700000)]
  0x000002b56a4c9d80 JavaThread "File lock request listener" [_thread_in_native, id=20672, stack(0x000000ba58700000,0x000000ba58800000)]
  0x000002b56a4cb590 JavaThread "Cache worker for file hash cache (C:\Users\oriol\.gradle\caches\8.0\fileHashes)" [_thread_blocked, id=6972, stack(0x000000ba58800000,0x000000ba58900000)]
  0x000002b56a4ca250 JavaThread "File watcher server" daemon [_thread_in_native, id=17072, stack(0x000000ba58a00000,0x000000ba58b00000)]
  0x000002b56a4c8f10 JavaThread "File watcher consumer" daemon [_thread_blocked, id=2728, stack(0x000000ba58b00000,0x000000ba58c00000)]
  0x000002b56a4ca720 JavaThread "Cache worker for checksums cache (C:\Users\oriol\Connect4\.gradle\8.0\checksums)" [_thread_blocked, id=12364, stack(0x000000ba58c00000,0x000000ba58d00000)]
  0x000002b56a4cabf0 JavaThread "Cache worker for cache directory md-rule (C:\Users\oriol\.gradle\caches\8.0\md-rule)" [_thread_blocked, id=20496, stack(0x000000ba58d00000,0x000000ba58e00000)]
  0x000002b56a4cba60 JavaThread "Cache worker for file content cache (C:\Users\oriol\.gradle\caches\8.0\fileContent)" [_thread_blocked, id=7740, stack(0x000000ba58e00000,0x000000ba58f00000)]
  0x000002b56a4c8a40 JavaThread "Cache worker for file hash cache (C:\Users\oriol\Connect4\.gradle\8.0\fileHashes)" [_thread_blocked, id=6712, stack(0x000000ba58f00000,0x000000ba59000000)]
  0x000002b56a4cb0c0 JavaThread "Cache worker for cache directory md-supplier (C:\Users\oriol\.gradle\caches\8.0\md-supplier)" [_thread_blocked, id=12252, stack(0x000000ba59000000,0x000000ba59100000)]
  0x000002b56cc700a0 JavaThread "Cache worker for execution history cache (C:\Users\oriol\.gradle\caches\8.0\executionHistory)" [_thread_blocked, id=18868, stack(0x000000ba58900000,0x000000ba58a00000)]
  0x000002b56cc70a40 JavaThread "jar transforms" [_thread_blocked, id=20452, stack(0x000000ba59100000,0x000000ba59200000)]
  0x000002b56cc70f10 JavaThread "jar transforms Thread 2" [_thread_blocked, id=18664, stack(0x000000ba59300000,0x000000ba59400000)]
  0x000002b56cc748d0 JavaThread "Cache worker for kotlin-dsl (C:\Users\oriol\.gradle\caches\8.0\kotlin-dsl)" [_thread_blocked, id=22084, stack(0x000000ba59600000,0x000000ba59700000)]
  0x000002b56cc713e0 JavaThread "jar transforms Thread 3" [_thread_blocked, id=22088, stack(0x000000ba59700000,0x000000ba59800000)]
  0x000002b56cc718b0 JavaThread "jar transforms Thread 4" [_thread_blocked, id=22096, stack(0x000000ba59800000,0x000000ba59900000)]
  0x000002b56cc74da0 JavaThread "Cache worker for dependencies-accessors (C:\Users\oriol\Connect4\.gradle\8.0\dependencies-accessors)" [_thread_blocked, id=22100, stack(0x000000ba59900000,0x000000ba59a00000)]
  0x000002b56cc75c10 JavaThread "Cache worker for Build Output Cleanup Cache (C:\Users\oriol\Connect4\.gradle\buildOutputCleanup)" [_thread_blocked, id=22108, stack(0x000000ba59a00000,0x000000ba59b00000)]
  0x000002b56cc73a60 JavaThread "jar transforms Thread 5" [_thread_blocked, id=22112, stack(0x000000ba59b00000,0x000000ba59c00000)]
  0x000002b56cc73590 JavaThread "Unconstrained build operations" [_thread_blocked, id=22128, stack(0x000000ba59c00000,0x000000ba59d00000)]
  0x000002b56cc765b0 JavaThread "Unconstrained build operations Thread 2" [_thread_blocked, id=22116, stack(0x000000ba59d00000,0x000000ba59e00000)]
  0x000002b56cc76f50 JavaThread "Unconstrained build operations Thread 3" [_thread_blocked, id=22120, stack(0x000000ba59e00000,0x000000ba59f00000)]
  0x000002b56cc71d80 JavaThread "Unconstrained build operations Thread 4" [_thread_blocked, id=22124, stack(0x000000ba59f00000,0x000000ba5a000000)]
  0x000002b56cc72250 JavaThread "Unconstrained build operations Thread 5" [_thread_blocked, id=22136, stack(0x000000ba5a000000,0x000000ba5a100000)]
  0x000002b56cc778f0 JavaThread "Unconstrained build operations Thread 6" [_thread_blocked, id=22140, stack(0x000000ba5a100000,0x000000ba5a200000)]
  0x000002b56cc730c0 JavaThread "Unconstrained build operations Thread 7" [_thread_blocked, id=22144, stack(0x000000ba5a200000,0x000000ba5a300000)]
  0x000002b56cc75270 JavaThread "Unconstrained build operations Thread 8" [_thread_blocked, id=22148, stack(0x000000ba5a300000,0x000000ba5a400000)]
  0x000002b56cc760e0 JavaThread "Unconstrained build operations Thread 9" [_thread_blocked, id=22152, stack(0x000000ba5a400000,0x000000ba5a500000)]
  0x000002b56cc76a80 JavaThread "Unconstrained build operations Thread 10" [_thread_blocked, id=22156, stack(0x000000ba5a500000,0x000000ba5a600000)]
  0x000002b56cc72bf0 JavaThread "Unconstrained build operations Thread 11" [_thread_blocked, id=22172, stack(0x000000ba5a600000,0x000000ba5a700000)]
  0x000002b56cc70570 JavaThread "Unconstrained build operations Thread 12" [_thread_blocked, id=22176, stack(0x000000ba5a700000,0x000000ba5a800000)]
  0x000002b56cc73f30 JavaThread "Unconstrained build operations Thread 13" [_thread_blocked, id=22180, stack(0x000000ba5a800000,0x000000ba5a900000)]
  0x000002b56cc77420 JavaThread "Unconstrained build operations Thread 14" [_thread_blocked, id=22184, stack(0x000000ba5a900000,0x000000ba5aa00000)]
  0x000002b57020cc00 JavaThread "Unconstrained build operations Thread 15" [_thread_blocked, id=22188, stack(0x000000ba5aa00000,0x000000ba5ab00000)]
  0x000002b57020f750 JavaThread "Unconstrained build operations Thread 16" [_thread_blocked, id=22192, stack(0x000000ba5ab00000,0x000000ba5ac00000)]
  0x000002b57020af20 JavaThread "Unconstrained build operations Thread 17" [_thread_blocked, id=22244, stack(0x000000ba5ac00000,0x000000ba5ad00000)]
  0x000002b57020edb0 JavaThread "Unconstrained build operations Thread 18" [_thread_blocked, id=22252, stack(0x000000ba5ad00000,0x000000ba5ae00000)]
  0x000002b57020f280 JavaThread "Unconstrained build operations Thread 19" [_thread_blocked, id=22256, stack(0x000000ba5ae00000,0x000000ba5af00000)]
  0x000002b57020d5a0 JavaThread "Unconstrained build operations Thread 20" [_thread_blocked, id=22264, stack(0x000000ba5af00000,0x000000ba5b000000)]
  0x000002b570211430 JavaThread "Unconstrained build operations Thread 21" [_thread_blocked, id=22300, stack(0x000000ba5b000000,0x000000ba5b100000)]
  0x000002b570210f60 JavaThread "Unconstrained build operations Thread 22" [_thread_blocked, id=22340, stack(0x000000ba5b100000,0x000000ba5b200000)]
  0x000002b57020e410 JavaThread "Unconstrained build operations Thread 23" [_thread_blocked, id=22348, stack(0x000000ba5b200000,0x000000ba5b300000)]
  0x000002b570211dd0 JavaThread "Unconstrained build operations Thread 24" [_thread_blocked, id=22376, stack(0x000000ba5b300000,0x000000ba5b400000)]
  0x000002b57020da70 JavaThread "Unconstrained build operations Thread 25" [_thread_blocked, id=22384, stack(0x000000ba5b400000,0x000000ba5b500000)]
  0x000002b57020fc20 JavaThread "Unconstrained build operations Thread 26" [_thread_blocked, id=22412, stack(0x000000ba5b500000,0x000000ba5b600000)]
  0x000002b5702100f0 JavaThread "Unconstrained build operations Thread 27" [_thread_blocked, id=22424, stack(0x000000ba5b600000,0x000000ba5b700000)]
  0x000002b5702122a0 JavaThread "Unconstrained build operations Thread 28" [_thread_blocked, id=22428, stack(0x000000ba5b700000,0x000000ba5b800000)]
  0x000002b570211900 JavaThread "Unconstrained build operations Thread 29" [_thread_blocked, id=16300, stack(0x000000ba5b800000,0x000000ba5b900000)]
  0x000002b57020bd90 JavaThread "Unconstrained build operations Thread 30" [_thread_blocked, id=22448, stack(0x000000ba5b900000,0x000000ba5ba00000)]
  0x000002b57020b3f0 JavaThread "Unconstrained build operations Thread 31" [_thread_blocked, id=22460, stack(0x000000ba5ba00000,0x000000ba5bb00000)]
  0x000002b570210a90 JavaThread "Unconstrained build operations Thread 32" [_thread_blocked, id=22468, stack(0x000000ba5bb00000,0x000000ba5bc00000)]
  0x000002b57020c730 JavaThread "Unconstrained build operations Thread 33" [_thread_blocked, id=22496, stack(0x000000ba5bc00000,0x000000ba5bd00000)]
  0x000002b5702105c0 JavaThread "Unconstrained build operations Thread 34" [_thread_blocked, id=22500, stack(0x000000ba5bd00000,0x000000ba5be00000)]
  0x000002b57020d0d0 JavaThread "Unconstrained build operations Thread 35" [_thread_blocked, id=22504, stack(0x000000ba5be00000,0x000000ba5bf00000)]
  0x000002b57020e8e0 JavaThread "Unconstrained build operations Thread 36" [_thread_blocked, id=22508, stack(0x000000ba5bf00000,0x000000ba5c000000)]
  0x000002b570212770 JavaThread "Unconstrained build operations Thread 37" [_thread_blocked, id=22520, stack(0x000000ba5c000000,0x000000ba5c100000)]
  0x000002b57020df40 JavaThread "Unconstrained build operations Thread 38" [_thread_blocked, id=22524, stack(0x000000ba5c100000,0x000000ba5c200000)]
  0x000002b57020b8c0 JavaThread "Unconstrained build operations Thread 39" [_thread_blocked, id=21436, stack(0x000000ba5c200000,0x000000ba5c300000)]
  0x000002b57020c260 JavaThread "Unconstrained build operations Thread 40" [_thread_blocked, id=22516, stack(0x000000ba5c300000,0x000000ba5c400000)]
  0x000002b56d60acb0 JavaThread "Unconstrained build operations Thread 41" [_thread_blocked, id=7764, stack(0x000000ba5c400000,0x000000ba5c500000)]
  0x000002b56d609970 JavaThread "Unconstrained build operations Thread 42" [_thread_blocked, id=21432, stack(0x000000ba5c500000,0x000000ba5c600000)]
  0x000002b56d604c70 JavaThread "Unconstrained build operations Thread 43" [_thread_blocked, id=22316, stack(0x000000ba5c600000,0x000000ba5c700000)]
  0x000002b56d606480 JavaThread "Unconstrained build operations Thread 44" [_thread_blocked, id=21556, stack(0x000000ba5c700000,0x000000ba5c800000)]
  0x000002b56d60a7e0 JavaThread "Unconstrained build operations Thread 45" [_thread_blocked, id=21452, stack(0x000000ba5c800000,0x000000ba5c900000)]
  0x000002b56d608630 JavaThread "Unconstrained build operations Thread 46" [_thread_blocked, id=20020, stack(0x000000ba5c900000,0x000000ba5ca00000)]
  0x000002b56d608b00 JavaThread "Unconstrained build operations Thread 47" [_thread_blocked, id=20852, stack(0x000000ba5ca00000,0x000000ba5cb00000)]
  0x000002b56d60a310 JavaThread "Unconstrained build operations Thread 48" [_thread_blocked, id=20848, stack(0x000000ba5cb00000,0x000000ba5cc00000)]
  0x000002b56d605ae0 JavaThread "Unconstrained build operations Thread 49" [_thread_blocked, id=20844, stack(0x000000ba5cc00000,0x000000ba5cd00000)]
  0x000002b56d60c4c0 JavaThread "Unconstrained build operations Thread 50" [_thread_blocked, id=20196, stack(0x000000ba5cd00000,0x000000ba5ce00000)]
  0x000002b56d6094a0 JavaThread "Unconstrained build operations Thread 51" [_thread_blocked, id=20880, stack(0x000000ba5ce00000,0x000000ba5cf00000)]
  0x000002b56d605140 JavaThread "Unconstrained build operations Thread 52" [_thread_blocked, id=20884, stack(0x000000ba5cf00000,0x000000ba5d000000)]
  0x000002b56d608fd0 JavaThread "Unconstrained build operations Thread 53" [_thread_blocked, id=1772, stack(0x000000ba5d000000,0x000000ba5d100000)]
  0x000002b56d60bff0 JavaThread "Unconstrained build operations Thread 54" [_thread_blocked, id=11628, stack(0x000000ba5d100000,0x000000ba5d200000)]
  0x000002b56d609e40 JavaThread "Unconstrained build operations Thread 55" [_thread_blocked, id=13984, stack(0x000000ba5d200000,0x000000ba5d300000)]
  0x000002b56d60b180 JavaThread "Unconstrained build operations Thread 56" [_thread_blocked, id=18048, stack(0x000000ba5d300000,0x000000ba5d400000)]
  0x000002b56d605fb0 JavaThread "Unconstrained build operations Thread 57" [_thread_blocked, id=21044, stack(0x000000ba5d400000,0x000000ba5d500000)]
  0x000002b56d60b650 JavaThread "Unconstrained build operations Thread 58" [_thread_blocked, id=20952, stack(0x000000ba5d500000,0x000000ba5d600000)]
  0x000002b56d607c90 JavaThread "Unconstrained build operations Thread 59" [_thread_blocked, id=20120, stack(0x000000ba5d600000,0x000000ba5d700000)]
  0x000002b56d606950 JavaThread "Unconstrained build operations Thread 60" [_thread_blocked, id=19924, stack(0x000000ba5d700000,0x000000ba5d800000)]
  0x000002b56d606e20 JavaThread "Unconstrained build operations Thread 61" [_thread_blocked, id=19932, stack(0x000000ba5d800000,0x000000ba5d900000)]
  0x000002b56d605610 JavaThread "Unconstrained build operations Thread 62" [_thread_blocked, id=22512, stack(0x000000ba5d900000,0x000000ba5da00000)]
  0x000002b56d6072f0 JavaThread "Unconstrained build operations Thread 63" [_thread_blocked, id=20376, stack(0x000000ba5da00000,0x000000ba5db00000)]
  0x000002b56d60bb20 JavaThread "Unconstrained build operations Thread 64" [_thread_blocked, id=16452, stack(0x000000ba5db00000,0x000000ba5dc00000)]
  0x000002b56d6077c0 JavaThread "Unconstrained build operations Thread 65" [_thread_blocked, id=20872, stack(0x000000ba5dc00000,0x000000ba5dd00000)]
  0x000002b56d608160 JavaThread "Unconstrained build operations Thread 66" [_thread_blocked, id=19436, stack(0x000000ba5dd00000,0x000000ba5de00000)]
  0x000002b56bae5af0 JavaThread "Unconstrained build operations Thread 67" [_thread_blocked, id=6660, stack(0x000000ba5de00000,0x000000ba5df00000)]
  0x000002b56baea320 JavaThread "Unconstrained build operations Thread 68" [_thread_blocked, id=19472, stack(0x000000ba5df00000,0x000000ba5e000000)]
  0x000002b56bae2ad0 JavaThread "Unconstrained build operations Thread 69" [_thread_blocked, id=19892, stack(0x000000ba5e000000,0x000000ba5e100000)]
  0x000002b56bae94b0 JavaThread "Unconstrained build operations Thread 70" [_thread_blocked, id=19480, stack(0x000000ba5e100000,0x000000ba5e200000)]
  0x000002b56bae3470 JavaThread "Unconstrained build operations Thread 71" [_thread_blocked, id=20868, stack(0x000000ba5e200000,0x000000ba5e300000)]
  0x000002b56bae6960 JavaThread "Unconstrained build operations Thread 72" [_thread_blocked, id=19184, stack(0x000000ba5e300000,0x000000ba5e400000)]
  0x000002b56bae9980 JavaThread "Unconstrained build operations Thread 73" [_thread_blocked, id=6132, stack(0x000000ba5e400000,0x000000ba5e500000)]
  0x000002b56bae9e50 JavaThread "Unconstrained build operations Thread 74" [_thread_blocked, id=3736, stack(0x000000ba5e500000,0x000000ba5e600000)]
  0x000002b56bae2fa0 JavaThread "Unconstrained build operations Thread 75" [_thread_blocked, id=17228, stack(0x000000ba5e600000,0x000000ba5e700000)]
  0x000002b56bae5150 JavaThread "Unconstrained build operations Thread 76" [_thread_blocked, id=2724, stack(0x000000ba5e700000,0x000000ba5e800000)]
  0x000002b56bae3940 JavaThread "Unconstrained build operations Thread 77" [_thread_blocked, id=12808, stack(0x000000ba5e800000,0x000000ba5e900000)]
  0x000002b56bae3e10 JavaThread "Unconstrained build operations Thread 78" [_thread_blocked, id=20360, stack(0x000000ba5e900000,0x000000ba5ea00000)]
  0x000002b56bae6e30 JavaThread "Unconstrained build operations Thread 79" [_thread_blocked, id=1400, stack(0x000000ba5ea00000,0x000000ba5eb00000)]
  0x000002b56bae42e0 JavaThread "Unconstrained build operations Thread 80" [_thread_blocked, id=20344, stack(0x000000ba5eb00000,0x000000ba5ec00000)]
  0x000002b56bae47b0 JavaThread "jar transforms Thread 6" [_thread_blocked, id=22232, stack(0x000000ba5ec00000,0x000000ba5ed00000)]
  0x000002b56bae4c80 JavaThread "jar transforms Thread 7" [_thread_blocked, id=20324, stack(0x000000ba5ed00000,0x000000ba5ee00000)]
  0x000002b56bae5620 JavaThread "jar transforms Thread 8" [_thread_blocked, id=20660, stack(0x000000ba5ee00000,0x000000ba5ef00000)]
=>0x000002b5697ca850 JavaThread "C2 CompilerThread1" daemon [_thread_in_native, id=14904, stack(0x000000ba59200000,0x000000ba59300000)]
  0x000002b56bae6490 JavaThread "build event listener" [_thread_blocked, id=9004, stack(0x000000ba59500000,0x000000ba59600000)]
  0x000002b56bae77d0 JavaThread "Memory manager" [_thread_blocked, id=14868, stack(0x000000ba5ef00000,0x000000ba5f000000)]
  0x000002b56d4c4490 JavaThread "C2 CompilerThread2" daemon [_thread_in_native, id=21960, stack(0x000000ba5f000000,0x000000ba5f100000)]

Other Threads:
  0x000002b567f4f4c0 VMThread "VM Thread" [stack: 0x000000ba56700000,0x000000ba56800000] [id=14992]
  0x000002b568a2b6f0 WatcherThread [stack: 0x000000ba57300000,0x000000ba57400000] [id=772]
  0x000002b54e15a180 GCTaskThread "GC Thread#0" [stack: 0x000000ba56200000,0x000000ba56300000] [id=22416]
  0x000002b569652010 GCTaskThread "GC Thread#1" [stack: 0x000000ba57500000,0x000000ba57600000] [id=16292]
  0x000002b5696522c0 GCTaskThread "GC Thread#2" [stack: 0x000000ba57600000,0x000000ba57700000] [id=21868]
  0x000002b569652570 GCTaskThread "GC Thread#3" [stack: 0x000000ba57700000,0x000000ba57800000] [id=4436]
  0x000002b569652820 GCTaskThread "GC Thread#4" [stack: 0x000000ba57800000,0x000000ba57900000] [id=21620]
  0x000002b569652ad0 GCTaskThread "GC Thread#5" [stack: 0x000000ba57900000,0x000000ba57a00000] [id=1956]
  0x000002b56b98b3e0 GCTaskThread "GC Thread#6" [stack: 0x000000ba57400000,0x000000ba57500000] [id=18844]
  0x000002b56bcf7c10 GCTaskThread "GC Thread#7" [stack: 0x000000ba58400000,0x000000ba58500000] [id=8616]
  0x000002b54e16b0c0 ConcurrentGCThread "G1 Main Marker" [stack: 0x000000ba56300000,0x000000ba56400000] [id=22332]
  0x000002b54e16bad0 ConcurrentGCThread "G1 Conc#0" [stack: 0x000000ba56400000,0x000000ba56500000] [id=20328]
  0x000002b56b299b80 ConcurrentGCThread "G1 Conc#1" [stack: 0x000000ba58500000,0x000000ba58600000] [id=17728]
  0x000002b54e1bd4a0 ConcurrentGCThread "G1 Refine#0" [stack: 0x000000ba56500000,0x000000ba56600000] [id=3144]
  0x000002b56cfe5780 ConcurrentGCThread "G1 Refine#1" [stack: 0x000000ba59400000,0x000000ba59500000] [id=19468]
  0x000002b54e1bdec0 ConcurrentGCThread "G1 Service" [stack: 0x000000ba56600000,0x000000ba56700000] [id=8648]

Threads with active compile tasks:
C2 CompilerThread1     8540 6415       4       jdk.internal.loader.URLClassPath$JarLoader$2::getBytes (48 bytes)
C2 CompilerThread2     8540 6417   !   4       jdk.internal.loader.Resource::getBytes (244 bytes)

VM state: not at safepoint (normal execution)

VM Mutex/Monitor currently owned by a thread:  ([mutex/lock_event])
[0x000002b54e0f7ac0] Metaspace_lock - owner thread: 0x000002b56ba4d050

Heap address: 0x0000000080000000, size: 2048 MB, Compressed Oops mode: 32-bit

CDS archive(s) not mapped
Compressed class space mapped at: 0x0000000100000000-0x0000000140000000, reserved size: 1073741824
Narrow klass base: 0x0000000000000000, Narrow klass shift: 3, Narrow klass range: 0x140000000

GC Precious Log:
 CPUs: 8 total, 8 available
 Memory: 16167M
 Large Page Support: Disabled
 NUMA Support: Disabled
 Compressed Oops: Enabled (32-bit)
 Heap Region Size: 1M
 Heap Min Capacity: 8M
 Heap Initial Capacity: 254M
 Heap Max Capacity: 2G
 Pre-touch: Disabled
 Parallel Workers: 8
 Concurrent Workers: 2
 Concurrent Refinement Workers: 8
 Periodic GC: Disabled

Heap:
 garbage-first heap   total 102400K, used 63191K [0x0000000080000000, 0x0000000100000000)
  region size 1024K, 9 young (9216K), 2 survivors (2048K)
 Metaspace       used 64306K, committed 64768K, reserved 1105920K
  class space    used 8565K, committed 8768K, reserved 1048576K

Heap Regions: E=young(eden), S=young(survivor), O=old, HS=humongous(starts), HC=humongous(continues), CS=collection set, F=free, OA=open archive, CA=closed archive, TAMS=top-at-mark-start (previous, next)
|   0|0x0000000080000000, 0x0000000080100000, 0x0000000080100000|100%|HS|  |TAMS 0x0000000080100000, 0x0000000080000000| Complete 
|   1|0x0000000080100000, 0x0000000080200000, 0x0000000080200000|100%|HC|  |TAMS 0x0000000080200000, 0x0000000080100000| Complete 
|   2|0x0000000080200000, 0x0000000080300000, 0x0000000080300000|100%|HC|  |TAMS 0x0000000080300000, 0x0000000080200000| Complete 
|   3|0x0000000080300000, 0x0000000080400000, 0x0000000080400000|100%|HC|  |TAMS 0x0000000080400000, 0x0000000080300000| Complete 
|   4|0x0000000080400000, 0x0000000080500000, 0x0000000080500000|100%| O|  |TAMS 0x0000000080500000, 0x0000000080400000| Untracked 
|   5|0x0000000080500000, 0x0000000080600000, 0x0000000080600000|100%| O|  |TAMS 0x0000000080600000, 0x0000000080500000| Untracked 
|   6|0x0000000080600000, 0x0000000080700000, 0x0000000080700000|100%| O|  |TAMS 0x0000000080700000, 0x0000000080600000| Untracked 
|   7|0x0000000080700000, 0x0000000080800000, 0x0000000080800000|100%| O|  |TAMS 0x0000000080800000, 0x0000000080700000| Untracked 
|   8|0x0000000080800000, 0x0000000080900000, 0x0000000080900000|100%| O|  |TAMS 0x0000000080900000, 0x0000000080800000| Untracked 
|   9|0x0000000080900000, 0x0000000080a00000, 0x0000000080a00000|100%| O|  |TAMS 0x0000000080a00000, 0x0000000080900000| Untracked 
|  10|0x0000000080a00000, 0x0000000080b00000, 0x0000000080b00000|100%| O|  |TAMS 0x0000000080b00000, 0x0000000080a00000| Untracked 
|  11|0x0000000080b00000, 0x0000000080c00000, 0x0000000080c00000|100%|HS|  |TAMS 0x0000000080b00000, 0x0000000080b00000| Complete 
|  12|0x0000000080c00000, 0x0000000080d00000, 0x0000000080d00000|100%| O|  |TAMS 0x0000000080d00000, 0x0000000080c00000| Untracked 
|  13|0x0000000080d00000, 0x0000000080e00000, 0x0000000080e00000|100%| O|  |TAMS 0x0000000080e00000, 0x0000000080d00000| Untracked 
|  14|0x0000000080e00000, 0x0000000080f00000, 0x0000000080f00000|100%| O|  |TAMS 0x0000000080f00000, 0x0000000080e00000| Untracked 
|  15|0x0000000080f00000, 0x0000000081000000, 0x0000000081000000|100%| O|  |TAMS 0x0000000081000000, 0x0000000080f00000| Untracked 
|  16|0x0000000081000000, 0x0000000081100000, 0x0000000081100000|100%| O|  |TAMS 0x0000000081100000, 0x0000000081000000| Untracked 
|  17|0x0000000081100000, 0x0000000081200000, 0x0000000081200000|100%| O|  |TAMS 0x0000000081200000, 0x0000000081100000| Untracked 
|  18|0x0000000081200000, 0x0000000081300000, 0x0000000081300000|100%| O|  |TAMS 0x0000000081300000, 0x0000000081200000| Untracked 
|  19|0x0000000081300000, 0x0000000081400000, 0x0000000081400000|100%| O|  |TAMS 0x0000000081400000, 0x0000000081300000| Untracked 
|  20|0x0000000081400000, 0x0000000081500000, 0x0000000081500000|100%| O|  |TAMS 0x0000000081500000, 0x0000000081400000| Untracked 
|  21|0x0000000081500000, 0x0000000081600000, 0x0000000081600000|100%| O|  |TAMS 0x0000000081600000, 0x0000000081500000| Untracked 
|  22|0x0000000081600000, 0x0000000081700000, 0x0000000081700000|100%| O|  |TAMS 0x0000000081700000, 0x0000000081600000| Untracked 
|  23|0x0000000081700000, 0x0000000081800000, 0x0000000081800000|100%| O|  |TAMS 0x0000000081800000, 0x0000000081700000| Untracked 
|  24|0x0000000081800000, 0x0000000081900000, 0x0000000081900000|100%| O|  |TAMS 0x0000000081900000, 0x0000000081800000| Untracked 
|  25|0x0000000081900000, 0x0000000081a00000, 0x0000000081a00000|100%| O|  |TAMS 0x0000000081a00000, 0x0000000081900000| Untracked 
|  26|0x0000000081a00000, 0x0000000081b00000, 0x0000000081b00000|100%| O|  |TAMS 0x0000000081b00000, 0x0000000081a00000| Untracked 
|  27|0x0000000081b00000, 0x0000000081c00000, 0x0000000081c00000|100%| O|  |TAMS 0x0000000081c00000, 0x0000000081b00000| Untracked 
|  28|0x0000000081c00000, 0x0000000081d00000, 0x0000000081d00000|100%| O|  |TAMS 0x0000000081d00000, 0x0000000081c00000| Untracked 
|  29|0x0000000081d00000, 0x0000000081e00000, 0x0000000081e00000|100%| O|  |TAMS 0x0000000081e00000, 0x0000000081d00000| Untracked 
|  30|0x0000000081e00000, 0x0000000081f00000, 0x0000000081f00000|100%| O|  |TAMS 0x0000000081f00000, 0x0000000081e00000| Untracked 
|  31|0x0000000081f00000, 0x0000000082000000, 0x0000000082000000|100%| O|  |TAMS 0x0000000082000000, 0x0000000081f00000| Untracked 
|  32|0x0000000082000000, 0x0000000082100000, 0x0000000082100000|100%| O|  |TAMS 0x0000000082100000, 0x0000000082000000| Untracked 
|  33|0x0000000082100000, 0x0000000082200000, 0x0000000082200000|100%| O|  |TAMS 0x0000000082200000, 0x0000000082100000| Untracked 
|  34|0x0000000082200000, 0x0000000082300000, 0x0000000082300000|100%| O|  |TAMS 0x0000000082300000, 0x0000000082200000| Untracked 
|  35|0x0000000082300000, 0x0000000082400000, 0x0000000082400000|100%| O|  |TAMS 0x0000000082400000, 0x0000000082300000| Untracked 
|  36|0x0000000082400000, 0x0000000082500000, 0x0000000082500000|100%| O|  |TAMS 0x0000000082500000, 0x0000000082400000| Untracked 
|  37|0x0000000082500000, 0x0000000082600000, 0x0000000082600000|100%| O|  |TAMS 0x0000000082600000, 0x0000000082500000| Untracked 
|  38|0x0000000082600000, 0x0000000082700000, 0x0000000082700000|100%|HS|  |TAMS 0x0000000082700000, 0x0000000082600000| Complete 
|  39|0x0000000082700000, 0x0000000082800000, 0x0000000082800000|100%|HS|  |TAMS 0x0000000082800000, 0x0000000082700000| Complete 
|  40|0x0000000082800000, 0x0000000082900000, 0x0000000082900000|100%|HS|  |TAMS 0x0000000082900000, 0x0000000082800000| Complete 
|  41|0x0000000082900000, 0x0000000082a00000, 0x0000000082a00000|100%| O|  |TAMS 0x0000000082a00000, 0x0000000082900000| Untracked 
|  42|0x0000000082a00000, 0x0000000082b00000, 0x0000000082b00000|100%|HS|  |TAMS 0x0000000082b00000, 0x0000000082a00000| Untracked 
|  43|0x0000000082b00000, 0x0000000082c00000, 0x0000000082c00000|100%| O|  |TAMS 0x0000000082c00000, 0x0000000082b00000| Untracked 
|  44|0x0000000082c00000, 0x0000000082d00000, 0x0000000082d00000|100%| O|  |TAMS 0x0000000082d00000, 0x0000000082c00000| Untracked 
|  45|0x0000000082d00000, 0x0000000082e00000, 0x0000000082e00000|100%| O|  |TAMS 0x0000000082e00000, 0x0000000082d00000| Untracked 
|  46|0x0000000082e00000, 0x0000000082f00000, 0x0000000082f00000|100%| O|  |TAMS 0x0000000082f00000, 0x0000000082e00000| Untracked 
|  47|0x0000000082f00000, 0x0000000083000000, 0x0000000083000000|100%| O|  |TAMS 0x0000000083000000, 0x0000000082f00000| Untracked 
|  48|0x0000000083000000, 0x0000000083100000, 0x0000000083100000|100%|HS|  |TAMS 0x0000000083100000, 0x0000000083000000| Complete 
|  49|0x0000000083100000, 0x0000000083200000, 0x0000000083200000|100%|HS|  |TAMS 0x0000000083200000, 0x0000000083100000| Complete 
|  50|0x0000000083200000, 0x0000000083300000, 0x0000000083300000|100%| O|  |TAMS 0x0000000083300000, 0x0000000083200000| Untracked 
|  51|0x0000000083300000, 0x0000000083400000, 0x0000000083400000|100%| O|  |TAMS 0x0000000083400000, 0x0000000083300000| Untracked 
|  52|0x0000000083400000, 0x0000000083500000, 0x0000000083500000|100%| O|  |TAMS 0x0000000083500000, 0x0000000083400000| Untracked 
|  53|0x0000000083500000, 0x0000000083566600, 0x0000000083600000| 39%| O|  |TAMS 0x0000000083566600, 0x0000000083500000| Untracked 
|  54|0x0000000083600000, 0x0000000083700000, 0x0000000083700000|100%|HS|  |TAMS 0x0000000083600000, 0x0000000083600000| Complete 
|  55|0x0000000083700000, 0x0000000083700000, 0x0000000083800000|  0%| F|  |TAMS 0x0000000083700000, 0x0000000083700000| Untracked 
|  56|0x0000000083800000, 0x0000000083800000, 0x0000000083900000|  0%| F|  |TAMS 0x0000000083800000, 0x0000000083800000| Untracked 
|  57|0x0000000083900000, 0x0000000083900000, 0x0000000083a00000|  0%| F|  |TAMS 0x0000000083900000, 0x0000000083900000| Untracked 
|  58|0x0000000083a00000, 0x0000000083a00000, 0x0000000083b00000|  0%| F|  |TAMS 0x0000000083a00000, 0x0000000083a00000| Untracked 
|  59|0x0000000083b00000, 0x0000000083b00000, 0x0000000083c00000|  0%| F|  |TAMS 0x0000000083b00000, 0x0000000083b00000| Untracked 
|  60|0x0000000083c00000, 0x0000000083c00000, 0x0000000083d00000|  0%| F|  |TAMS 0x0000000083c00000, 0x0000000083c00000| Untracked 
|  61|0x0000000083d00000, 0x0000000083d00000, 0x0000000083e00000|  0%| F|  |TAMS 0x0000000083d00000, 0x0000000083d00000| Untracked 
|  62|0x0000000083e00000, 0x0000000083e00000, 0x0000000083f00000|  0%| F|  |TAMS 0x0000000083e00000, 0x0000000083e00000| Untracked 
|  63|0x0000000083f00000, 0x0000000083f00000, 0x0000000084000000|  0%| F|  |TAMS 0x0000000083f00000, 0x0000000083f00000| Untracked 
|  64|0x0000000084000000, 0x0000000084000000, 0x0000000084100000|  0%| F|  |TAMS 0x0000000084000000, 0x0000000084000000| Untracked 
|  65|0x0000000084100000, 0x0000000084100000, 0x0000000084200000|  0%| F|  |TAMS 0x0000000084100000, 0x0000000084100000| Untracked 
|  66|0x0000000084200000, 0x0000000084200000, 0x0000000084300000|  0%| F|  |TAMS 0x0000000084200000, 0x0000000084200000| Untracked 
|  67|0x0000000084300000, 0x0000000084300000, 0x0000000084400000|  0%| F|  |TAMS 0x0000000084300000, 0x0000000084300000| Untracked 
|  68|0x0000000084400000, 0x0000000084400000, 0x0000000084500000|  0%| F|  |TAMS 0x0000000084400000, 0x0000000084400000| Untracked 
|  69|0x0000000084500000, 0x0000000084500000, 0x0000000084600000|  0%| F|  |TAMS 0x0000000084500000, 0x0000000084500000| Untracked 
|  70|0x0000000084600000, 0x0000000084600000, 0x0000000084700000|  0%| F|  |TAMS 0x0000000084600000, 0x0000000084600000| Untracked 
|  71|0x0000000084700000, 0x0000000084700000, 0x0000000084800000|  0%| F|  |TAMS 0x0000000084700000, 0x0000000084700000| Untracked 
|  72|0x0000000084800000, 0x0000000084800000, 0x0000000084900000|  0%| F|  |TAMS 0x0000000084800000, 0x0000000084800000| Untracked 
|  73|0x0000000084900000, 0x0000000084900000, 0x0000000084a00000|  0%| F|  |TAMS 0x0000000084900000, 0x0000000084900000| Untracked 
|  74|0x0000000084a00000, 0x0000000084a00000, 0x0000000084b00000|  0%| F|  |TAMS 0x0000000084a00000, 0x0000000084a00000| Untracked 
|  75|0x0000000084b00000, 0x0000000084b00000, 0x0000000084c00000|  0%| F|  |TAMS 0x0000000084b00000, 0x0000000084b00000| Untracked 
|  76|0x0000000084c00000, 0x0000000084c00000, 0x0000000084d00000|  0%| F|  |TAMS 0x0000000084c00000, 0x0000000084c00000| Untracked 
|  77|0x0000000084d00000, 0x0000000084d00000, 0x0000000084e00000|  0%| F|  |TAMS 0x0000000084d00000, 0x0000000084d00000| Untracked 
|  78|0x0000000084e00000, 0x0000000084e00000, 0x0000000084f00000|  0%| F|  |TAMS 0x0000000084e00000, 0x0000000084e00000| Untracked 
|  79|0x0000000084f00000, 0x0000000084f00000, 0x0000000085000000|  0%| F|  |TAMS 0x0000000084f00000, 0x0000000084f00000| Untracked 
|  80|0x0000000085000000, 0x0000000085000000, 0x0000000085100000|  0%| F|  |TAMS 0x0000000085000000, 0x0000000085000000| Untracked 
|  81|0x0000000085100000, 0x0000000085100000, 0x0000000085200000|  0%| F|  |TAMS 0x0000000085100000, 0x0000000085100000| Untracked 
|  82|0x0000000085200000, 0x0000000085200000, 0x0000000085300000|  0%| F|  |TAMS 0x0000000085200000, 0x0000000085200000| Untracked 
|  83|0x0000000085300000, 0x0000000085300000, 0x0000000085400000|  0%| F|  |TAMS 0x0000000085300000, 0x0000000085300000| Untracked 
|  84|0x0000000085400000, 0x0000000085400000, 0x0000000085500000|  0%| F|  |TAMS 0x0000000085400000, 0x0000000085400000| Untracked 
|  85|0x0000000085500000, 0x0000000085500000, 0x0000000085600000|  0%| F|  |TAMS 0x0000000085500000, 0x0000000085500000| Untracked 
|  86|0x0000000085600000, 0x0000000085600000, 0x0000000085700000|  0%| F|  |TAMS 0x0000000085600000, 0x0000000085600000| Untracked 
|  87|0x0000000085700000, 0x0000000085700000, 0x0000000085800000|  0%| F|  |TAMS 0x0000000085700000, 0x0000000085700000| Untracked 
|  88|0x0000000085800000, 0x0000000085800000, 0x0000000085900000|  0%| F|  |TAMS 0x0000000085800000, 0x0000000085800000| Untracked 
|  89|0x0000000085900000, 0x0000000085900000, 0x0000000085a00000|  0%| F|  |TAMS 0x0000000085900000, 0x0000000085900000| Untracked 
|  90|0x0000000085a00000, 0x0000000085a00000, 0x0000000085b00000|  0%| F|  |TAMS 0x0000000085a00000, 0x0000000085a00000| Untracked 
| 204|0x000000008cc00000, 0x000000008ccd4a28, 0x000000008cd00000| 83%| E|  |TAMS 0x000000008cc00000, 0x000000008cc00000| Complete 
| 205|0x000000008cd00000, 0x000000008ce00000, 0x000000008ce00000|100%| E|CS|TAMS 0x000000008cd00000, 0x000000008cd00000| Complete 
| 206|0x000000008ce00000, 0x000000008ce4f980, 0x000000008cf00000| 31%| S|CS|TAMS 0x000000008ce00000, 0x000000008ce00000| Complete 
| 207|0x000000008cf00000, 0x000000008d000000, 0x000000008d000000|100%| S|CS|TAMS 0x000000008cf00000, 0x000000008cf00000| Complete 
| 208|0x000000008d000000, 0x000000008d100000, 0x000000008d100000|100%| E|CS|TAMS 0x000000008d000000, 0x000000008d000000| Complete 
| 209|0x000000008d100000, 0x000000008d200000, 0x000000008d200000|100%| E|CS|TAMS 0x000000008d100000, 0x000000008d100000| Complete 
| 210|0x000000008d200000, 0x000000008d300000, 0x000000008d300000|100%| E|CS|TAMS 0x000000008d200000, 0x000000008d200000| Complete 
| 211|0x000000008d300000, 0x000000008d400000, 0x000000008d400000|100%| E|CS|TAMS 0x000000008d300000, 0x000000008d300000| Complete 
| 253|0x000000008fd00000, 0x000000008fe00000, 0x000000008fe00000|100%| E|CS|TAMS 0x000000008fd00000, 0x000000008fd00000| Complete 

Card table byte_map: [0x000002b560cf0000,0x000002b5610f0000] _byte_map_base: 0x000002b5608f0000

Marking Bits (Prev, Next): (CMBitMap*) 0x000002b54e15a7d0, (CMBitMap*) 0x000002b54e15a790
 Prev Bits: [0x000002b5634f0000, 0x000002b5654f0000)
 Next Bits: [0x000002b5614f0000, 0x000002b5634f0000)

Polling page: 0x000002b54c0e0000

Metaspace:

Usage:
  Non-class:     54.43 MB used.
      Class:      8.36 MB used.
       Both:     62.80 MB used.

Virtual space:
  Non-class space:       56.00 MB reserved,      54.69 MB ( 98%) committed,  7 nodes.
      Class space:        1.00 GB reserved,       8.56 MB ( <1%) committed,  1 nodes.
             Both:        1.05 GB reserved,      63.25 MB (  6%) committed. 

Chunk freelists:
   Non-Class:  656.00 KB
       Class:  3.42 MB
        Both:  4.06 MB

MaxMetaspaceSize: unlimited
CompressedClassSpaceSize: 1.00 GB
Initial GC threshold: 21.00 MB
Current GC threshold: 104.81 MB
CDS: off
MetaspaceReclaimPolicy: balanced
 - commit_granule_bytes: 65536.
 - commit_granule_words: 8192.
 - virtual_space_node_default_size: 1048576.
 - enlarge_chunks_in_place: 1.
 - new_chunks_are_fully_committed: 0.
 - uncommit_free_chunks: 1.
 - use_allocation_guard: 0.
 - handle_deallocations: 1.


Internal statistics:

num_allocs_failed_limit: 6.
num_arena_births: 702.
num_arena_deaths: 0.
num_vsnodes_births: 8.
num_vsnodes_deaths: 0.
num_space_committed: 1012.
num_space_uncommitted: 0.
num_chunks_returned_to_freelist: 6.
num_chunks_taken_from_freelist: 2784.
num_chunk_merges: 6.
num_chunk_splits: 1865.
num_chunks_enlarged: 1272.
num_purges: 0.
num_inconsistent_stats: 0.

CodeHeap 'non-profiled nmethods': size=120000Kb used=3270Kb max_used=3433Kb free=116729Kb
 bounds [0x000002b559090000, 0x000002b5593f0000, 0x000002b5605c0000]
CodeHeap 'profiled nmethods': size=120000Kb used=10534Kb max_used=11039Kb free=109465Kb
 bounds [0x000002b5515c0000, 0x000002b552090000, 0x000002b558af0000]
CodeHeap 'non-nmethods': size=5760Kb used=2360Kb max_used=2418Kb free=3400Kb
 bounds [0x000002b558af0000, 0x000002b558d60000, 0x000002b559090000]
 total_blobs=6476 nmethods=5600 adapters=788
 compilation: enabled
              stopped_count=0, restarted_count=0
 full_count=0

Compilation events (20 events):
Event: 8.333 Thread 0x000002b56888a230 6411       3       java.net.URLClassLoader$1::run (5 bytes)
Event: 8.333 Thread 0x000002b56888a230 nmethod 6411 0x000002b55187e190 code [0x000002b55187e320, 0x000002b55187e468]
Event: 8.356 Thread 0x000002b56888a230 6412       3       java.util.LinkedHashMap::get (29 bytes)
Event: 8.356 Thread 0x000002b56888a230 nmethod 6412 0x000002b55187dc90 code [0x000002b55187de40, 0x000002b55187e078]
Event: 8.356 Thread 0x000002b56888a230 6413       3       jdk.internal.loader.URLClassPath$JarLoader$2::getManifest (26 bytes)
Event: 8.356 Thread 0x000002b56888a230 nmethod 6413 0x000002b5518c6810 code [0x000002b5518c6a20, 0x000002b5518c7088]
Event: 8.358 Thread 0x000002b56888a230 6414       3       jdk.internal.loader.URLClassPath$JarLoader$2::getCodeSigners (8 bytes)
Event: 8.359 Thread 0x000002b56888a230 nmethod 6414 0x000002b5518c6390 code [0x000002b5518c6540, 0x000002b5518c6708]
Event: 8.373 Thread 0x000002b5697ca850 6415       4       jdk.internal.loader.URLClassPath$JarLoader$2::getBytes (48 bytes)
Event: 8.373 Thread 0x000002b568889390 nmethod 6407 0x000002b55920c010 code [0x000002b55920c2a0, 0x000002b55920f218]
Event: 8.376 Thread 0x000002b56d4c4490 nmethod 6377 0x000002b559226390 code [0x000002b559226700, 0x000002b55922b438]
Event: 8.460 Thread 0x000002b56d4c4490 6416       4       java.util.zip.CRC32::getValue (10 bytes)
Event: 8.460 Thread 0x000002b56d4c4490 nmethod 6416 0x000002b55920bd10 code [0x000002b55920be80, 0x000002b55920bef8]
Event: 8.462 Thread 0x000002b56d4c4490 6417   !   4       jdk.internal.loader.Resource::getBytes (244 bytes)
Event: 8.466 Thread 0x000002b56888a230 6418       3       java.lang.ClassLoader::postDefineClass (39 bytes)
Event: 8.467 Thread 0x000002b56888a230 nmethod 6418 0x000002b5518c5d10 code [0x000002b5518c5f00, 0x000002b5518c6218]
Event: 8.475 Thread 0x000002b568889390 6419       4       java.lang.ClassLoader::preDefineClass (118 bytes)
Event: 8.511 Thread 0x000002b568889390 nmethod 6419 0x000002b559118110 code [0x000002b559118340, 0x000002b5591196a0]
Event: 8.511 Thread 0x000002b568889390 6420       4       java.util.zip.CRC32::<init> (5 bytes)
Event: 8.511 Thread 0x000002b568889390 nmethod 6420 0x000002b55920ba10 code [0x000002b55920bb80, 0x000002b55920bbf8]

GC Heap History (20 events):
Event: 6.701 GC heap before
{Heap before GC invocations=19 (full 0):
 garbage-first heap   total 71680K, used 41083K [0x0000000080000000, 0x0000000100000000)
  region size 1024K, 4 young (4096K), 1 survivors (1024K)
 Metaspace       used 53274K, committed 53760K, reserved 1097728K
  class space    used 7118K, committed 7360K, reserved 1048576K
}
Event: 6.703 GC heap after
{Heap after GC invocations=20 (full 0):
 garbage-first heap   total 71680K, used 40935K [0x0000000080000000, 0x0000000100000000)
  region size 1024K, 2 young (2048K), 2 survivors (2048K)
 Metaspace       used 53274K, committed 53760K, reserved 1097728K
  class space    used 7118K, committed 7360K, reserved 1048576K
}
Event: 6.834 GC heap before
{Heap before GC invocations=21 (full 0):
 garbage-first heap   total 75776K, used 44007K [0x0000000080000000, 0x0000000100000000)
  region size 1024K, 6 young (6144K), 2 survivors (2048K)
 Metaspace       used 53285K, committed 53760K, reserved 1097728K
  class space    used 7118K, committed 7360K, reserved 1048576K
}
Event: 6.835 GC heap after
{Heap after GC invocations=22 (full 0):
 garbage-first heap   total 75776K, used 45077K [0x0000000080000000, 0x0000000100000000)
  region size 1024K, 2 young (2048K), 2 survivors (2048K)
 Metaspace       used 53285K, committed 53760K, reserved 1097728K
  class space    used 7118K, committed 7360K, reserved 1048576K
}
Event: 7.007 GC heap before
{Heap before GC invocations=23 (full 0):
 garbage-first heap   total 80896K, used 55317K [0x0000000080000000, 0x0000000100000000)
  region size 1024K, 12 young (12288K), 2 survivors (2048K)
 Metaspace       used 54448K, committed 54912K, reserved 1097728K
  class space    used 7269K, committed 7488K, reserved 1048576K
}
Event: 7.009 GC heap after
{Heap after GC invocations=24 (full 0):
 garbage-first heap   total 80896K, used 46472K [0x0000000080000000, 0x0000000100000000)
  region size 1024K, 2 young (2048K), 2 survivors (2048K)
 Metaspace       used 54448K, committed 54912K, reserved 1097728K
  class space    used 7269K, committed 7488K, reserved 1048576K
}
Event: 7.167 GC heap before
{Heap before GC invocations=24 (full 0):
 garbage-first heap   total 80896K, used 58760K [0x0000000080000000, 0x0000000100000000)
  region size 1024K, 14 young (14336K), 2 survivors (2048K)
 Metaspace       used 56151K, committed 56640K, reserved 1097728K
  class space    used 7517K, committed 7744K, reserved 1048576K
}
Event: 7.169 GC heap after
{Heap after GC invocations=25 (full 0):
 garbage-first heap   total 80896K, used 46898K [0x0000000080000000, 0x0000000100000000)
  region size 1024K, 1 young (1024K), 1 survivors (1024K)
 Metaspace       used 56151K, committed 56640K, reserved 1097728K
  class space    used 7517K, committed 7744K, reserved 1048576K
}
Event: 7.387 GC heap before
{Heap before GC invocations=26 (full 0):
 garbage-first heap   total 83968K, used 59186K [0x0000000080000000, 0x0000000100000000)
  region size 1024K, 13 young (13312K), 1 survivors (1024K)
 Metaspace       used 58101K, committed 58560K, reserved 1105920K
  class space    used 7733K, committed 7936K, reserved 1048576K
}
Event: 7.389 GC heap after
{Heap after GC invocations=27 (full 0):
 garbage-first heap   total 83968K, used 47346K [0x0000000080000000, 0x0000000100000000)
  region size 1024K, 1 young (1024K), 1 survivors (1024K)
 Metaspace       used 58101K, committed 58560K, reserved 1105920K
  class space    used 7733K, committed 7936K, reserved 1048576K
}
Event: 7.502 GC heap before
{Heap before GC invocations=27 (full 0):
 garbage-first heap   total 83968K, used 50418K [0x0000000080000000, 0x0000000100000000)
  region size 1024K, 4 young (4096K), 1 survivors (1024K)
 Metaspace       used 58878K, committed 59392K, reserved 1105920K
  class space    used 7827K, committed 8064K, reserved 1048576K
}
Event: 7.503 GC heap after
{Heap after GC invocations=28 (full 0):
 garbage-first heap   total 83968K, used 46681K [0x0000000080000000, 0x0000000100000000)
  region size 1024K, 1 young (1024K), 1 survivors (1024K)
 Metaspace       used 58878K, committed 59392K, reserved 1105920K
  class space    used 7827K, committed 8064K, reserved 1048576K
}
Event: 8.010 GC heap before
{Heap before GC invocations=28 (full 0):
 garbage-first heap   total 83968K, used 62041K [0x0000000080000000, 0x0000000100000000)
  region size 1024K, 16 young (16384K), 1 survivors (1024K)
 Metaspace       used 61651K, committed 62208K, reserved 1105920K
  class space    used 8204K, committed 8448K, reserved 1048576K
}
Event: 8.012 GC heap after
{Heap after GC invocations=29 (full 0):
 garbage-first heap   total 83968K, used 47573K [0x0000000080000000, 0x0000000100000000)
  region size 1024K, 2 young (2048K), 2 survivors (2048K)
 Metaspace       used 61651K, committed 62208K, reserved 1105920K
  class space    used 8204K, committed 8448K, reserved 1048576K
}
Event: 8.181 GC heap before
{Heap before GC invocations=30 (full 0):
 garbage-first heap   total 87040K, used 68053K [0x0000000080000000, 0x0000000100000000)
  region size 1024K, 18 young (18432K), 2 survivors (2048K)
 Metaspace       used 63836K, committed 64384K, reserved 1105920K
  class space    used 8485K, committed 8704K, reserved 1048576K
}
Event: 8.185 GC heap after
{Heap after GC invocations=31 (full 0):
 garbage-first heap   total 87040K, used 53640K [0x0000000080000000, 0x0000000100000000)
  region size 1024K, 3 young (3072K), 3 survivors (3072K)
 Metaspace       used 63836K, committed 64384K, reserved 1105920K
  class space    used 8485K, committed 8704K, reserved 1048576K
}
Event: 8.187 GC heap before
{Heap before GC invocations=31 (full 0):
 garbage-first heap   total 87040K, used 54664K [0x0000000080000000, 0x0000000100000000)
  region size 1024K, 4 young (4096K), 3 survivors (3072K)
 Metaspace       used 63836K, committed 64384K, reserved 1105920K
  class space    used 8485K, committed 8704K, reserved 1048576K
}
Event: 8.190 GC heap after
{Heap after GC invocations=32 (full 0):
 garbage-first heap   total 87040K, used 54346K [0x0000000080000000, 0x0000000100000000)
  region size 1024K, 1 young (1024K), 1 survivors (1024K)
 Metaspace       used 63836K, committed 64384K, reserved 1105920K
  class space    used 8485K, committed 8704K, reserved 1048576K
}
Event: 8.203 GC heap before
{Heap before GC invocations=32 (full 0):
 garbage-first heap   total 87040K, used 57418K [0x0000000080000000, 0x0000000100000000)
  region size 1024K, 5 young (5120K), 1 survivors (1024K)
 Metaspace       used 63842K, committed 64384K, reserved 1105920K
  class space    used 8485K, committed 8704K, reserved 1048576K
}
Event: 8.204 GC heap after
{Heap after GC invocations=33 (full 0):
 garbage-first heap   total 87040K, used 54999K [0x0000000080000000, 0x0000000100000000)
  region size 1024K, 2 young (2048K), 2 survivors (2048K)
 Metaspace       used 63842K, committed 64384K, reserved 1105920K
  class space    used 8485K, committed 8704K, reserved 1048576K
}

Dll operation events (2 events):
Event: 0.005 Loaded shared library C:\Program Files\Android\Android Studio\jbr\bin\java.dll
Event: 0.328 Loaded shared library C:\Program Files\Android\Android Studio\jbr\bin\verify.dll

Deoptimization events (20 events):
Event: 8.233 Thread 0x000002b56ba4d050 DEOPT PACKING pc=0x000002b551a402b8 sp=0x000000ba580f1e40
Event: 8.233 Thread 0x000002b56ba4d050 DEOPT UNPACKING pc=0x000002b558b4ace3 sp=0x000000ba580f12c0 mode 0
Event: 8.243 Thread 0x000002b56ba4d050 Uncommon trap: trap_request=0xffffffbe fr.pc=0x000002b5590df520 relative=0x0000000000000900
Event: 8.243 Thread 0x000002b56ba4d050 Uncommon trap: reason=profile_predicate action=maybe_recompile pc=0x000002b5590df520 method=java.math.BigInteger.montReduce([I[III)[I @ 9 c2
Event: 8.243 Thread 0x000002b56ba4d050 DEOPT PACKING pc=0x000002b5590df520 sp=0x000000ba580f1e70
Event: 8.243 Thread 0x000002b56ba4d050 DEOPT UNPACKING pc=0x000002b558b4a1a3 sp=0x000000ba580f1e40 mode 2
Event: 8.243 Thread 0x000002b56ba4d050 DEOPT PACKING pc=0x000002b551a402b8 sp=0x000000ba580f1e40
Event: 8.243 Thread 0x000002b56ba4d050 DEOPT UNPACKING pc=0x000002b558b4ace3 sp=0x000000ba580f12c0 mode 0
Event: 8.243 Thread 0x000002b56ba4d050 Uncommon trap: trap_request=0xffffffbe fr.pc=0x000002b5590df520 relative=0x0000000000000900
Event: 8.243 Thread 0x000002b56ba4d050 Uncommon trap: reason=profile_predicate action=maybe_recompile pc=0x000002b5590df520 method=java.math.BigInteger.montReduce([I[III)[I @ 9 c2
Event: 8.243 Thread 0x000002b56ba4d050 DEOPT PACKING pc=0x000002b5590df520 sp=0x000000ba580f1e70
Event: 8.243 Thread 0x000002b56ba4d050 DEOPT UNPACKING pc=0x000002b558b4a1a3 sp=0x000000ba580f1e40 mode 2
Event: 8.271 Thread 0x000002b56ba4d050 Uncommon trap: trap_request=0xffffff45 fr.pc=0x000002b5592b5a94 relative=0x00000000000001f4
Event: 8.271 Thread 0x000002b56ba4d050 Uncommon trap: reason=unstable_if action=reinterpret pc=0x000002b5592b5a94 method=java.util.jar.JarFile.maybeInstantiateVerifier()V @ 4 c2
Event: 8.271 Thread 0x000002b56ba4d050 DEOPT PACKING pc=0x000002b5592b5a94 sp=0x000000ba580f2a10
Event: 8.271 Thread 0x000002b56ba4d050 DEOPT UNPACKING pc=0x000002b558b4a1a3 sp=0x000000ba580f2968 mode 2
Event: 8.277 Thread 0x000002b56ba4d050 Uncommon trap: trap_request=0xffffff45 fr.pc=0x000002b5593c343c relative=0x000000000000009c
Event: 8.277 Thread 0x000002b56ba4d050 Uncommon trap: reason=unstable_if action=reinterpret pc=0x000002b5593c343c method=java.security.CodeSource.matchCerts(Ljava/security/CodeSource;Z)Z @ 11 c2
Event: 8.277 Thread 0x000002b56ba4d050 DEOPT PACKING pc=0x000002b5593c343c sp=0x000000ba580f0c20
Event: 8.277 Thread 0x000002b56ba4d050 DEOPT UNPACKING pc=0x000002b558b4a1a3 sp=0x000000ba580f0bb8 mode 2

Classes unloaded (0 events):
No events

Classes redefined (0 events):
No events

Internal exceptions (20 events):
Event: 6.526 Thread 0x000002b56a4c93e0 Exception <a 'java/lang/NoSuchMethodError'{0x0000000083466c88}: static Lorg/gradle/internal/build/event/types/DefaultOperationFinishedProgressEvent;.<clinit>()V> (0x0000000083466c88) 
thrown [s\src\hotspot\share\prims\jni.cpp, line 1108]
Event: 6.528 Thread 0x000002b56a4c93e0 Exception <a 'java/lang/NoSuchMethodError'{0x000000008348f758}: static Lorg/gradle/internal/build/event/types/DefaultProjectConfigurationSuccessResult;.<clinit>()V> (0x000000008348f758) 
thrown [s\src\hotspot\share\prims\jni.cpp, line 1108]
Event: 6.528 Thread 0x000002b56a4c93e0 Exception <a 'java/lang/NoSuchMethodError'{0x0000000083490cd8}: static Lorg/gradle/internal/build/event/types/AbstractProjectConfigurationResult;.<clinit>()V> (0x0000000083490cd8) 
thrown [s\src\hotspot\share\prims\jni.cpp, line 1108]
Event: 6.529 Thread 0x000002b56a4c93e0 Exception <a 'java/lang/NoSuchMethodError'{0x0000000083492430}: static Lorg/gradle/internal/build/event/types/AbstractOperationResult;.<clinit>()V> (0x0000000083492430) 
thrown [s\src\hotspot\share\prims\jni.cpp, line 1108]
Event: 6.529 Thread 0x000002b56a4c93e0 Exception <a 'java/lang/NoSuchMethodError'{0x00000000834938a8}: static Lorg/gradle/internal/build/event/types/AbstractResult;.<clinit>()V> (0x00000000834938a8) 
thrown [s\src\hotspot\share\prims\jni.cpp, line 1108]
Event: 6.532 Thread 0x000002b56a4c93e0 Exception <a 'java/lang/NoSuchMethodError'{0x00000000834ab678}: static Lorg/gradle/internal/build/event/types/DefaultPluginApplicationResult;.<clinit>()V> (0x00000000834ab678) 
thrown [s\src\hotspot\share\prims\jni.cpp, line 1108]
Event: 6.533 Thread 0x000002b56a4c93e0 Exception <a 'java/lang/NoSuchMethodError'{0x00000000834b79e0}: static Lorg/gradle/internal/build/event/types/DefaultBinaryPluginIdentifier;.<clinit>()V> (0x00000000834b79e0) 
thrown [s\src\hotspot\share\prims\jni.cpp, line 1108]
Event: 6.538 Thread 0x000002b56a4c93e0 Exception <a 'java/lang/NoSuchMethodError'{0x00000000834d4d68}: static Lorg/gradle/internal/build/event/types/DefaultScriptPluginIdentifier;.<clinit>()V> (0x00000000834d4d68) 
thrown [s\src\hotspot\share\prims\jni.cpp, line 1108]
Event: 6.641 Thread 0x000002b56ba4d050 Implicit null exception at 0x000002b55937cf12 to 0x000002b55937d578
Event: 6.905 Thread 0x000002b56ba4d050 Exception <a 'java/lang/ClassNotFoundException'{0x000000008d3ec5e8}: org/gradle/api/internal/plugins/DefaultObjectConfigurationActionBeanInfo> (0x000000008d3ec5e8) 
thrown [s\src\hotspot\share\classfile\systemDictionary.cpp, line 256]
Event: 6.906 Thread 0x000002b56ba4d050 Exception <a 'java/lang/ClassNotFoundException'{0x000000008d200988}: org/gradle/api/internal/plugins/DefaultObjectConfigurationActionCustomizer> (0x000000008d200988) 
thrown [s\src\hotspot\share\classfile\systemDictionary.cpp, line 256]
Event: 7.037 Thread 0x000002b56ba4d050 Exception <a 'java/lang/NoSuchMethodError'{0x000000008d2c41f8}: 'java.lang.Object java.lang.invoke.DirectMethodHandle$Holder.newInvokeSpecial(java.lang.Object, java.lang.Object, java.lang.Object, java.lang.Object, int)'> (0x000000008d2c41f8) 
thrown [s\src\hotspot\share\interpreter\linkResolver.cpp, line 771]
Event: 7.037 Thread 0x000002b56ba4d050 Exception <a 'java/lang/NoSuchMethodError'{0x000000008d2c9918}: 'java.lang.Object java.lang.invoke.DirectMethodHandle$Holder.invokeSpecial(java.lang.Object, java.lang.Object, java.lang.Object, java.lang.Object, java.lang.Object, int)'> (0x000000008d2c9918) 
thrown [s\src\hotspot\share\interpreter\linkResolver.cpp, line 771]
Event: 7.037 Thread 0x000002b56ba4d050 Exception <a 'java/lang/NoSuchMethodError'{0x000000008d2ce698}: 'java.lang.Object java.lang.invoke.Invokers$Holder.linkToTargetMethod(java.lang.Object, java.lang.Object, java.lang.Object, int, java.lang.Object)'> (0x000000008d2ce698) 
thrown [s\src\hotspot\share\interpreter\linkResolver.cpp, line 771]
Event: 7.253 Thread 0x000002b56ba4d050 Exception <a 'java/lang/NoSuchMethodError'{0x000000008d160ac0}: 'int java.lang.invoke.DirectMethodHandle$Holder.invokeInterface(java.lang.Object, java.lang.Object, java.lang.Object, java.lang.Object)'> (0x000000008d160ac0) 
thrown [s\src\hotspot\share\interpreter\linkResolver.cpp, line 771]
Event: 7.975 Thread 0x000002b56ba4d050 Exception <a 'java/lang/IncompatibleClassChangeError'{0x00000000843d5ed8}: Found class java.lang.Object, but interface was expected> (0x00000000843d5ed8) 
thrown [s\src\hotspot\share\interpreter\linkResolver.cpp, line 838]
Event: 8.013 Thread 0x000002b56ba4d050 Implicit null exception at 0x000002b5592e0859 to 0x000002b5592e09f4
Event: 8.013 Thread 0x000002b56ba4d050 Implicit null exception at 0x000002b5592dc3ba to 0x000002b5592dcae0
Event: 8.129 Thread 0x000002b56ba4d050 Implicit null exception at 0x000002b55925790c to 0x000002b559257a42
Event: 8.281 Thread 0x000002b56ba4d050 Exception <a 'sun/nio/fs/WindowsException'{0x000000008d11bb90}> (0x000000008d11bb90) 
thrown [s\src\hotspot\share\prims\jni.cpp, line 517]

VM Operations (20 events):
Event: 8.010 Executing VM operation: G1CollectForAllocation
Event: 8.012 Executing VM operation: G1CollectForAllocation done
Event: 8.037 Executing VM operation: G1Concurrent
Event: 8.039 Executing VM operation: G1Concurrent done
Event: 8.050 Executing VM operation: G1Concurrent
Event: 8.050 Executing VM operation: G1Concurrent done
Event: 8.104 Executing VM operation: HandshakeAllThreads
Event: 8.104 Executing VM operation: HandshakeAllThreads done
Event: 8.137 Executing VM operation: HandshakeAllThreads
Event: 8.137 Executing VM operation: HandshakeAllThreads done
Event: 8.181 Executing VM operation: G1CollectForAllocation
Event: 8.185 Executing VM operation: G1CollectForAllocation done
Event: 8.187 Executing VM operation: G1CollectForAllocation
Event: 8.190 Executing VM operation: G1CollectForAllocation done
Event: 8.203 Executing VM operation: G1TryInitiateConcMark
Event: 8.204 Executing VM operation: G1TryInitiateConcMark done
Event: 8.237 Executing VM operation: G1Concurrent
Event: 8.241 Executing VM operation: G1Concurrent done
Event: 8.257 Executing VM operation: G1Concurrent
Event: 8.262 Executing VM operation: G1Concurrent done

Events (20 events):
Event: 8.156 loading class java/security/SignatureException done
Event: 8.158 loading class sun/security/rsa/RSASignature$SHA256withRSA
Event: 8.158 loading class sun/security/rsa/RSASignature$SHA256withRSA done
Event: 8.159 loading class sun/security/provider/DSA$SHA256withDSA
Event: 8.159 loading class sun/security/provider/DSA$SHA256withDSA done
Event: 8.167 loading class java/util/Base64
Event: 8.167 loading class java/util/Base64 done
Event: 8.167 loading class java/util/Base64$Decoder
Event: 8.168 loading class java/util/Base64$Decoder done
Event: 8.168 loading class java/util/Base64$Encoder
Event: 8.168 loading class java/util/Base64$Encoder done
Event: 8.169 loading class java/util/jar/JarVerifier$VerifierStream
Event: 8.169 loading class java/util/jar/JarVerifier$VerifierStream done
Event: 8.169 loading class sun/security/util/ManifestEntryVerifier$SunProviderHolder
Event: 8.169 loading class sun/security/util/ManifestEntryVerifier$SunProviderHolder done
Event: 8.190 Thread 0x000002b56d4c4490 Thread added: 0x000002b56d4c4490
Event: 8.277 loading class java/security/KeyStore$ProtectionParameter
Event: 8.277 loading class java/security/KeyStore$ProtectionParameter done
Event: 8.281 loading class sun/nio/fs/WindowsException
Event: 8.281 loading class sun/nio/fs/WindowsException done


Dynamic libraries:
0x00007ff73f040000 - 0x00007ff73f04a000 	C:\Program Files\Android\Android Studio\jbr\bin\java.exe
0x00007ff8196d0000 - 0x00007ff8198e7000 	C:\WINDOWS\SYSTEM32\ntdll.dll
0x00007ff818e40000 - 0x00007ff818f04000 	C:\WINDOWS\System32\KERNEL32.DLL
0x00007ff816e30000 - 0x00007ff8171d7000 	C:\WINDOWS\System32\KERNELBASE.dll
0x00007ff816c00000 - 0x00007ff816d11000 	C:\WINDOWS\System32\ucrtbase.dll
0x00007ffffe280000 - 0x00007ffffe297000 	C:\Program Files\Android\Android Studio\jbr\bin\jli.dll
0x00007ffffccf0000 - 0x00007ffffcd0b000 	C:\Program Files\Android\Android Studio\jbr\bin\VCRUNTIME140.dll
0x00007ff819270000 - 0x00007ff81941e000 	C:\WINDOWS\System32\USER32.dll
0x00007ff8171e0000 - 0x00007ff817206000 	C:\WINDOWS\System32\win32u.dll
0x00007ffffef70000 - 0x00007fffff203000 	C:\WINDOWS\WinSxS\amd64_microsoft.windows.common-controls_6595b64144ccf1df_6.0.22621.3527_none_270e469b73872a76\COMCTL32.dll
0x00007ff818310000 - 0x00007ff818339000 	C:\WINDOWS\System32\GDI32.dll
0x00007ff818f10000 - 0x00007ff818fb7000 	C:\WINDOWS\System32\msvcrt.dll
0x00007ff816ae0000 - 0x00007ff816bf9000 	C:\WINDOWS\System32\gdi32full.dll
0x00007ff816d20000 - 0x00007ff816dba000 	C:\WINDOWS\System32\msvcp_win.dll
0x00007ff8176d0000 - 0x00007ff817701000 	C:\WINDOWS\System32\IMM32.DLL
0x00007ffffcef0000 - 0x00007ffffcefc000 	C:\Program Files\Android\Android Studio\jbr\bin\vcruntime140_1.dll
0x00007fffcc1c0000 - 0x00007fffcc24d000 	C:\Program Files\Android\Android Studio\jbr\bin\msvcp140.dll
0x00007fffc84e0000 - 0x00007fffc914e000 	C:\Program Files\Android\Android Studio\jbr\bin\server\jvm.dll
0x00007ff8194d0000 - 0x00007ff819582000 	C:\WINDOWS\System32\ADVAPI32.dll
0x00007ff817460000 - 0x00007ff817508000 	C:\WINDOWS\System32\sechost.dll
0x00007ff816ab0000 - 0x00007ff816ad8000 	C:\WINDOWS\System32\bcrypt.dll
0x00007ff818440000 - 0x00007ff818555000 	C:\WINDOWS\System32\RPCRT4.dll
0x00007fffea220000 - 0x00007fffea229000 	C:\WINDOWS\SYSTEM32\WSOCK32.dll
0x00007ff80fed0000 - 0x00007ff80ff04000 	C:\WINDOWS\SYSTEM32\WINMM.dll
0x00007ff80e220000 - 0x00007ff80e22a000 	C:\WINDOWS\SYSTEM32\VERSION.dll
0x00007ff818dc0000 - 0x00007ff818e31000 	C:\WINDOWS\System32\WS2_32.dll
0x00007ff8159d0000 - 0x00007ff8159e8000 	C:\WINDOWS\SYSTEM32\kernel.appcore.dll
0x00007ff8119f0000 - 0x00007ff8119fa000 	C:\Program Files\Android\Android Studio\jbr\bin\jimage.dll
0x00007ff8141f0000 - 0x00007ff814423000 	C:\WINDOWS\SYSTEM32\DBGHELP.DLL
0x00007ff817710000 - 0x00007ff817a98000 	C:\WINDOWS\System32\combase.dll
0x00007ff818040000 - 0x00007ff818117000 	C:\WINDOWS\System32\OLEAUT32.dll
0x00007ff80fe90000 - 0x00007ff80fec2000 	C:\WINDOWS\SYSTEM32\dbgcore.DLL
0x00007ff817210000 - 0x00007ff817289000 	C:\WINDOWS\System32\bcryptPrimitives.dll
0x00007ff807130000 - 0x00007ff807155000 	C:\Program Files\Android\Android Studio\jbr\bin\java.dll
0x00007fffff490000 - 0x00007fffff4a8000 	C:\Program Files\Android\Android Studio\jbr\bin\zip.dll
0x00007ff818560000 - 0x00007ff818dbc000 	C:\WINDOWS\System32\SHELL32.dll
0x00007ff8148e0000 - 0x00007ff8151d6000 	C:\WINDOWS\SYSTEM32\windows.storage.dll
0x00007ff8147a0000 - 0x00007ff8148de000 	C:\WINDOWS\SYSTEM32\wintypes.dll
0x00007ff818340000 - 0x00007ff818435000 	C:\WINDOWS\System32\SHCORE.dll
0x00007ff818fe0000 - 0x00007ff81903e000 	C:\WINDOWS\System32\shlwapi.dll
0x00007ff816920000 - 0x00007ff816941000 	C:\WINDOWS\SYSTEM32\profapi.dll
0x00007fffff470000 - 0x00007fffff489000 	C:\Program Files\Android\Android Studio\jbr\bin\net.dll
0x00007ff8104b0000 - 0x00007ff8105e6000 	C:\WINDOWS\SYSTEM32\WINHTTP.dll
0x00007ff815e30000 - 0x00007ff815e99000 	C:\WINDOWS\system32\mswsock.dll
0x00007fffff450000 - 0x00007fffff466000 	C:\Program Files\Android\Android Studio\jbr\bin\nio.dll
0x00007ff80a060000 - 0x00007ff80a070000 	C:\Program Files\Android\Android Studio\jbr\bin\verify.dll
0x00007ffffc130000 - 0x00007ffffc157000 	C:\Users\oriol\.gradle\native\68d5fa5c4cc2d200863cafc0d521ce42e7d3e7ee720ec0a83991735586a16f82\windows-amd64\native-platform.dll
0x00007fffc77c0000 - 0x00007fffc7904000 	C:\Users\oriol\.gradle\native\e376f236ea51e6404a007f0833ffe2c6e607c4080706a723a18a27aeea778392\windows-amd64\native-platform-file-events.dll
0x00007fffff440000 - 0x00007fffff449000 	C:\Program Files\Android\Android Studio\jbr\bin\management.dll
0x00007ffffe270000 - 0x00007ffffe27b000 	C:\Program Files\Android\Android Studio\jbr\bin\management_ext.dll
0x00007ff818130000 - 0x00007ff818138000 	C:\WINDOWS\System32\PSAPI.DLL
0x00007ff8160d0000 - 0x00007ff8160eb000 	C:\WINDOWS\SYSTEM32\CRYPTSP.dll
0x00007ff815930000 - 0x00007ff815965000 	C:\WINDOWS\system32\rsaenh.dll
0x00007ff815ed0000 - 0x00007ff815ef8000 	C:\WINDOWS\SYSTEM32\USERENV.dll
0x00007ff816040000 - 0x00007ff81604c000 	C:\WINDOWS\SYSTEM32\CRYPTBASE.dll
0x00007ff815440000 - 0x00007ff81546d000 	C:\WINDOWS\SYSTEM32\IPHLPAPI.DLL
0x00007ff818150000 - 0x00007ff818159000 	C:\WINDOWS\System32\NSI.dll
0x00007ff80ff20000 - 0x00007ff80ff39000 	C:\WINDOWS\SYSTEM32\dhcpcsvc6.DLL
0x00007ff80fe10000 - 0x00007ff80fe2f000 	C:\WINDOWS\SYSTEM32\dhcpcsvc.DLL
0x00007ff815470000 - 0x00007ff815569000 	C:\WINDOWS\SYSTEM32\DNSAPI.dll
0x00007ffff2db0000 - 0x00007ffff2db8000 	C:\WINDOWS\system32\wshunix.dll

dbghelp: loaded successfully - version: 4.0.5 - missing functions: none
symbol engine: initialized successfully - sym options: 0x614 - pdb path: .;C:\Program Files\Android\Android Studio\jbr\bin;C:\WINDOWS\SYSTEM32;C:\WINDOWS\WinSxS\amd64_microsoft.windows.common-controls_6595b64144ccf1df_6.0.22621.3527_none_270e469b73872a76;C:\Program Files\Android\Android Studio\jbr\bin\server;C:\Users\oriol\.gradle\native\68d5fa5c4cc2d200863cafc0d521ce42e7d3e7ee720ec0a83991735586a16f82\windows-amd64;C:\Users\oriol\.gradle\native\e376f236ea51e6404a007f0833ffe2c6e607c4080706a723a18a27aeea778392\windows-amd64

VM Arguments:
jvm_args: --add-opens=java.base/java.util=ALL-UNNAMED --add-opens=java.base/java.lang=ALL-UNNAMED --add-opens=java.base/java.lang.invoke=ALL-UNNAMED --add-opens=java.prefs/java.util.prefs=ALL-UNNAMED --add-opens=java.base/java.nio.charset=ALL-UNNAMED --add-opens=java.base/java.net=ALL-UNNAMED --add-opens=java.base/java.util.concurrent.atomic=ALL-UNNAMED -Xmx2048m -Dfile.encoding=UTF-8 -Duser.country=US -Duser.language=en -Duser.variant 
java_command: org.gradle.launcher.daemon.bootstrap.GradleDaemon 8.0
java_class_path (initial): C:\Users\oriol\.gradle\wrapper\dists\gradle-8.0-bin\ca5e32bp14vu59qr306oxotwh\gradle-8.0\lib\gradle-launcher-8.0.jar
Launcher Type: SUN_STANDARD

[Global flags]
     intx CICompilerCount                          = 4                                         {product} {ergonomic}
     uint ConcGCThreads                            = 2                                         {product} {ergonomic}
     uint G1ConcRefinementThreads                  = 8                                         {product} {ergonomic}
   size_t G1HeapRegionSize                         = 1048576                                   {product} {ergonomic}
    uintx GCDrainStackTargetSize                   = 64                                        {product} {ergonomic}
   size_t InitialHeapSize                          = 266338304                                 {product} {ergonomic}
   size_t MarkStackSize                            = 4194304                                   {product} {ergonomic}
   size_t MaxHeapSize                              = 2147483648                                {product} {command line}
   size_t MaxNewSize                               = 1287651328                                {product} {ergonomic}
   size_t MinHeapDeltaBytes                        = 1048576                                   {product} {ergonomic}
   size_t MinHeapSize                              = 8388608                                   {product} {ergonomic}
    uintx NonNMethodCodeHeapSize                   = 5839372                                {pd product} {ergonomic}
    uintx NonProfiledCodeHeapSize                  = 122909434                              {pd product} {ergonomic}
    uintx ProfiledCodeHeapSize                     = 122909434                              {pd product} {ergonomic}
    uintx ReservedCodeCacheSize                    = 251658240                              {pd product} {ergonomic}
     bool SegmentedCodeCache                       = true                                      {product} {ergonomic}
   size_t SoftMaxHeapSize                          = 2147483648                             {manageable} {ergonomic}
     bool UseCompressedClassPointers               = true                           {product lp64_product} {ergonomic}
     bool UseCompressedOops                        = true                           {product lp64_product} {ergonomic}
     bool UseG1GC                                  = true                                      {product} {ergonomic}
     bool UseLargePagesIndividualAllocation        = false                                  {pd product} {ergonomic}

Logging:
Log output configuration:
 #0: stdout all=warning uptime,level,tags
 #1: stderr all=off uptime,level,tags

Environment Variables:
PATH=C:\Program Files\Microsoft MPI\Bin\;C:\Program Files\Common Files\Oracle\Java\javapath;C:\WINDOWS\system32;C:\WINDOWS;C:\WINDOWS\System32\Wbem;C:\WINDOWS\System32\WindowsPowerShell\v1.0\;C:\WINDOWS\System32\OpenSSH\;C:\Program Files\Git\cmd;C:\Users\oriol\AppData\Local\Microsoft\WindowsApps;;C:\Program Files\Azure Data Studio\bin;C:\Users\oriol\AppData\Local\Programs\Microsoft VS Code\bin
USERNAME=oriol
OS=Windows_NT
PROCESSOR_IDENTIFIER=Intel64 Family 6 Model 140 Stepping 2, GenuineIntel
TMP=C:\Users\oriol\AppData\Local\Temp
TEMP=C:\Users\oriol\AppData\Local\Temp


JNI global refs:
JNI global refs: 24, weak refs: 0

JNI global refs memory usage: 843, weak refs: 841


---------------  S Y S T E M  ---------------

OS:
 Windows 11 , 64 bit Build 22621 (10.0.22621.3527)
OS uptime: 0 days 21:19 hours
Hyper-V role detected

CPU: total 8 (initial active 8) (4 cores per cpu, 2 threads per core) family 6 model 140 stepping 2 microcode 0x22, cx8, cmov, fxsr, ht, mmx, 3dnowpref, sse, sse2, sse3, ssse3, sse4.1, sse4.2, popcnt, lzcnt, tsc, tscinvbit, avx, avx2, aes, erms, clmul, bmi1, bmi2, adx, avx512f, avx512dq, avx512cd, avx512bw, avx512vl, sha, fma, vzeroupper, avx512_vpopcntdq, avx512_vpclmulqdq, avx512_vaes, avx512_vnni, clflush, clflushopt, clwb, avx512_vbmi2, avx512_vbmi, hv

Memory: 4k page, system-wide physical 16167M (1619M free)
TotalPageFile size 17910M (AvailPageFile size 7M)
current process WorkingSet (physical memory assigned to process): 297M, peak: 298M
current process commit charge ("private bytes"): 354M, peak: 395M

vm_info: OpenJDK 64-Bit Server VM (17.0.6+0-b2043.56-10027231) for windows-amd64 JRE (17.0.6+0-b2043.56-10027231), built on Apr 28 2023 00:43:19 by "androidbuild" with MS VC++ 16.10 / 16.11 (VS2019)

END.
