#
# There is insufficient memory for the Java Runtime Environment to continue.
# Native memory allocation (mmap) failed to map 72351744 bytes for G1 virtual space
# Possible reasons:
#   The system is out of physical RAM or swap space
#   The process is running with CompressedOops enabled, and the Java Heap may be blocking the growth of the native heap
# Possible solutions:
#   Reduce memory load on the system
#   Increase physical memory or swap space
#   Check if swap backing store is full
#   Decrease Java heap size (-Xmx/-Xms)
#   Decrease number of Java threads
#   Decrease Java thread stack sizes (-Xss)
#   Set larger code cache with -XX:ReservedCodeCacheSize=
#   JVM is running with Unscaled Compressed Oops mode in which the Java heap is
#     placed in the first 4GB address space. The Java Heap base address is the
#     maximum limit for the native heap growth. Please use -XX:HeapBaseMinAddress
#     to set the Java Heap base and to place the Java Heap above 4GB virtual address.
# This output file may be truncated or incomplete.
#
#  Out of Memory Error (os_windows.cpp:3769), pid=20816, tid=19620
#
# JRE version: OpenJDK Runtime Environment (17.0.6) (build 17.0.6+0-b2043.56-10027231)
# Java VM: OpenJDK 64-Bit Server VM (17.0.6+0-b2043.56-10027231, mixed mode, tiered, compressed oops, compressed class ptrs, g1 gc, windows-amd64)
# No core dump will be written. Minidumps are not enabled by default on client versions of Windows
#

---------------  S U M M A R Y ------------

Command Line: --add-opens=java.base/java.util=ALL-UNNAMED --add-opens=java.base/java.lang=ALL-UNNAMED --add-opens=java.base/java.lang.invoke=ALL-UNNAMED --add-opens=java.prefs/java.util.prefs=ALL-UNNAMED --add-opens=java.base/java.nio.charset=ALL-UNNAMED --add-opens=java.base/java.net=ALL-UNNAMED --add-opens=java.base/java.util.concurrent.atomic=ALL-UNNAMED -Xmx2048m -Dfile.encoding=UTF-8 -Duser.country=US -Duser.language=en -Duser.variant org.gradle.launcher.daemon.bootstrap.GradleDaemon 8.0

Host: 11th Gen Intel(R) Core(TM) i5-11320H @ 3.20GHz, 8 cores, 15G,  Windows 11 , 64 bit Build 22621 (10.0.22621.3527)
Time: Mon May 13 18:01:34 2024 Romance Daylight Time elapsed time: 8.344985 seconds (0d 0h 0m 8s)

---------------  T H R E A D  ---------------

Current thread (0x0000023b7dbbd300):  VMThread "VM Thread" [stack: 0x000000b91e200000,0x000000b91e300000] [id=19620]

Stack: [0x000000b91e200000,0x000000b91e300000]
Native frames: (J=compiled Java code, j=interpreted, Vv=VM code, C=native code)
V  [jvm.dll+0x683c9a]
V  [jvm.dll+0x8427a4]
V  [jvm.dll+0x843f9e]
V  [jvm.dll+0x844603]
V  [jvm.dll+0x249b75]
V  [jvm.dll+0x680b69]
V  [jvm.dll+0x67505a]
V  [jvm.dll+0x309acb]
V  [jvm.dll+0x310f86]
V  [jvm.dll+0x3608ee]
V  [jvm.dll+0x360b1f]
V  [jvm.dll+0x2dfbf8]
V  [jvm.dll+0x2ddec4]
V  [jvm.dll+0x2dd4cc]
V  [jvm.dll+0x321f3b]
V  [jvm.dll+0x848ccb]
V  [jvm.dll+0x849a04]
V  [jvm.dll+0x849f1d]
V  [jvm.dll+0x84a2f4]
V  [jvm.dll+0x84a3c0]
V  [jvm.dll+0x7f274a]
V  [jvm.dll+0x682ad5]
C  [ucrtbase.dll+0x29333]
C  [KERNEL32.DLL+0x1257d]
C  [ntdll.dll+0x5aa48]

VM_Operation (0x000000b9253fdcc0): G1CollectForAllocation, mode: safepoint, requested by thread 0x0000023b052f6c20


---------------  P R O C E S S  ---------------

Threads class SMR info:
_java_thread_list=0x0000023b04262fd0, length=137, elements={
0x0000023b61dbe900, 0x0000023b7e43e260, 0x0000023b7e43ee10, 0x0000023b7e4814d0,
0x0000023b7e482080, 0x0000023b7e484b40, 0x0000023b7e487900, 0x0000023b7e488690,
0x0000023b7e489130, 0x0000023b7e496040, 0x0000023b7e603030, 0x0000023b7e631010,
0x0000023b7e960470, 0x0000023b7f033370, 0x0000023b014cff10, 0x0000023b001e2140,
0x0000023b0049fed0, 0x0000023b009c7710, 0x0000023b00df3370, 0x0000023b0105aef0,
0x0000023b0105b3c0, 0x0000023b00a10d30, 0x0000023b00a11200, 0x0000023b00a116d0,
0x0000023b002392a0, 0x0000023b00239770, 0x0000023b00238430, 0x0000023b00239c40,
0x0000023b027ef540, 0x0000023b027efa10, 0x0000023b027ee200, 0x0000023b027ee6d0,
0x0000023b027ea370, 0x0000023b027eeba0, 0x0000023b027f03b0, 0x0000023b027efee0,
0x0000023b027ef070, 0x0000023b027e9500, 0x0000023b027ecec0, 0x0000023b027e99d0,
0x0000023b027ea840, 0x0000023b027eb1e0, 0x0000023b027ebb80, 0x0000023b027ed860,
0x0000023b01d2a090, 0x0000023b01d29220, 0x0000023b01d2aa30, 0x0000023b01d2a560,
0x0000023b01d296f0, 0x0000023b01d2e3f0, 0x0000023b01d28880, 0x0000023b01d2bd70,
0x0000023b01d283b0, 0x0000023b01d2af00, 0x0000023b01d2b3d0, 0x0000023b01d2e8c0,
0x0000023b01d27070, 0x0000023b01d2cbe0, 0x0000023b01d27540, 0x0000023b01d2da50,
0x0000023b01d28d50, 0x0000023b01d27a10, 0x0000023b01d2c710, 0x0000023b01d2b8a0,
0x0000023b01d2df20, 0x0000023b01d2c240, 0x0000023b01d29bc0, 0x0000023b01d2d0b0,
0x0000023b01d2d580, 0x0000023b01d27ee0, 0x0000023b04b395e0, 0x0000023b04b3c600,
0x0000023b04b3bc60, 0x0000023b04b3a450, 0x0000023b04b3a920, 0x0000023b04b39f80,
0x0000023b04b3cfa0, 0x0000023b04b3adf0, 0x0000023b04b3cad0, 0x0000023b04b3b790,
0x0000023b04b3b2c0, 0x0000023b04b3c130, 0x0000023b04b39ab0, 0x0000023b052f7a90,
0x0000023b052f5410, 0x0000023b052f9770, 0x0000023b052fa110, 0x0000023b052f3730,
0x0000023b052f92a0, 0x0000023b052f58e0, 0x0000023b052f8430, 0x0000023b052f8900,
0x0000023b052f70f0, 0x0000023b052f5db0, 0x0000023b052f6280, 0x0000023b052f4f40,
0x0000023b052f2d90, 0x0000023b052f6750, 0x0000023b052f9c40, 0x0000023b052f3c00,
0x0000023b052f8dd0, 0x0000023b052fa5e0, 0x0000023b052f40d0, 0x0000023b052f6c20,
0x0000023b052f3260, 0x0000023b052f75c0, 0x0000023b052f45a0, 0x0000023b052f4a70,
0x0000023b052f7f60, 0x0000023b080f3b40, 0x0000023b080ee970, 0x0000023b080f0650,
0x0000023b080f2800, 0x0000023b080f4010, 0x0000023b080f5820, 0x0000023b080f44e0,
0x0000023b080f0ff0, 0x0000023b080f49b0, 0x0000023b080f31a0, 0x0000023b080f4e80,
0x0000023b080f2cd0, 0x0000023b080f5350, 0x0000023b080f3670, 0x0000023b080f14c0,
0x0000023b080edfd0, 0x0000023b080ee4a0, 0x0000023b080ef310, 0x0000023b080f0180,
0x0000023b04d5e3e0, 0x0000023b04d5aef0, 0x0000023b04d5a550, 0x0000023b04d5da40,
0x0000023b04d5df10, 0x0000023b04d5cbd0, 0x0000023b04d600c0, 0x0000023b04d5e8b0,
0x0000023b04d5ed80
}

Java Threads: ( => current thread )
  0x0000023b61dbe900 JavaThread "main" [_thread_blocked, id=20044, stack(0x000000b91dc00000,0x000000b91dd00000)]
  0x0000023b7e43e260 JavaThread "Reference Handler" daemon [_thread_blocked, id=1440, stack(0x000000b91e300000,0x000000b91e400000)]
  0x0000023b7e43ee10 JavaThread "Finalizer" daemon [_thread_blocked, id=21216, stack(0x000000b91e400000,0x000000b91e500000)]
  0x0000023b7e4814d0 JavaThread "Signal Dispatcher" daemon [_thread_blocked, id=20636, stack(0x000000b91e500000,0x000000b91e600000)]
  0x0000023b7e482080 JavaThread "Attach Listener" daemon [_thread_blocked, id=22436, stack(0x000000b91e600000,0x000000b91e700000)]
  0x0000023b7e484b40 JavaThread "Service Thread" daemon [_thread_blocked, id=19548, stack(0x000000b91e700000,0x000000b91e800000)]
  0x0000023b7e487900 JavaThread "Monitor Deflation Thread" daemon [_thread_blocked, id=22368, stack(0x000000b91e800000,0x000000b91e900000)]
  0x0000023b7e488690 JavaThread "C2 CompilerThread0" daemon [_thread_blocked, id=22396, stack(0x000000b91e900000,0x000000b91ea00000)]
  0x0000023b7e489130 JavaThread "C1 CompilerThread0" daemon [_thread_blocked, id=22404, stack(0x000000b91ea00000,0x000000b91eb00000)]
  0x0000023b7e496040 JavaThread "Sweeper thread" daemon [_thread_blocked, id=22312, stack(0x000000b91eb00000,0x000000b91ec00000)]
  0x0000023b7e603030 JavaThread "Common-Cleaner" daemon [_thread_blocked, id=21964, stack(0x000000b91ec00000,0x000000b91ed00000)]
  0x0000023b7e631010 JavaThread "Notification Thread" daemon [_thread_blocked, id=22420, stack(0x000000b91ed00000,0x000000b91ee00000)]
  0x0000023b7e960470 JavaThread "C2 CompilerThread1" daemon [_thread_blocked, id=20976, stack(0x000000b91ef00000,0x000000b91f000000)]
  0x0000023b7f033370 JavaThread "C2 CompilerThread2" daemon [_thread_blocked, id=8080, stack(0x000000b91f000000,0x000000b91f100000)]
  0x0000023b014cff10 JavaThread "Daemon health stats" [_thread_blocked, id=22344, stack(0x000000b91f600000,0x000000b91f700000)]
  0x0000023b001e2140 JavaThread "Incoming local TCP Connector on port 60400" [_thread_in_native, id=17204, stack(0x000000b91f700000,0x000000b91f800000)]
  0x0000023b0049fed0 JavaThread "Daemon periodic checks" [_thread_blocked, id=20956, stack(0x000000b91f800000,0x000000b91f900000)]
  0x0000023b009c7710 JavaThread "Daemon" [_thread_blocked, id=22220, stack(0x000000b91f900000,0x000000b91fa00000)]
  0x0000023b00df3370 JavaThread "Handler for socket connection from /127.0.0.1:60400 to /127.0.0.1:60401" [_thread_in_native, id=18960, stack(0x000000b91fa00000,0x000000b91fb00000)]
  0x0000023b0105aef0 JavaThread "Cancel handler" [_thread_blocked, id=18360, stack(0x000000b91fb00000,0x000000b91fc00000)]
  0x0000023b0105b3c0 JavaThread "Daemon worker" [_thread_blocked, id=15348, stack(0x000000b91fc00000,0x000000b91fd00000)]
  0x0000023b00a10d30 JavaThread "Asynchronous log dispatcher for DefaultDaemonConnection: socket connection from /127.0.0.1:60400 to /127.0.0.1:60401" [_thread_blocked, id=6688, stack(0x000000b91fd00000,0x000000b91fe00000)]
  0x0000023b00a11200 JavaThread "Stdin handler" [_thread_blocked, id=20620, stack(0x000000b91fe00000,0x000000b91ff00000)]
  0x0000023b00a116d0 JavaThread "Daemon client event forwarder" [_thread_blocked, id=19024, stack(0x000000b91ff00000,0x000000b920000000)]
  0x0000023b002392a0 JavaThread "Cache worker for journal cache (C:\Users\oriol\.gradle\caches\journal-1)" [_thread_blocked, id=8512, stack(0x000000b920300000,0x000000b920400000)]
  0x0000023b00239770 JavaThread "File lock request listener" [_thread_in_native, id=9252, stack(0x000000b920400000,0x000000b920500000)]
  0x0000023b00238430 JavaThread "Cache worker for file hash cache (C:\Users\oriol\.gradle\caches\8.0\fileHashes)" [_thread_blocked, id=22236, stack(0x000000b920500000,0x000000b920600000)]
  0x0000023b00239c40 JavaThread "File watcher server" daemon [_thread_blocked, id=22284, stack(0x000000b920600000,0x000000b920700000)]
  0x0000023b027ef540 JavaThread "File watcher consumer" daemon [_thread_blocked, id=22216, stack(0x000000b920700000,0x000000b920800000)]
  0x0000023b027efa10 JavaThread "Cache worker for checksums cache (C:\Users\oriol\Connect4\.gradle\8.0\checksums)" [_thread_blocked, id=21072, stack(0x000000b920800000,0x000000b920900000)]
  0x0000023b027ee200 JavaThread "Cache worker for cache directory md-rule (C:\Users\oriol\.gradle\caches\8.0\md-rule)" [_thread_blocked, id=20972, stack(0x000000b920900000,0x000000b920a00000)]
  0x0000023b027ee6d0 JavaThread "Cache worker for file content cache (C:\Users\oriol\.gradle\caches\8.0\fileContent)" [_thread_blocked, id=16540, stack(0x000000b920a00000,0x000000b920b00000)]
  0x0000023b027ea370 JavaThread "Cache worker for file hash cache (C:\Users\oriol\Connect4\.gradle\8.0\fileHashes)" [_thread_blocked, id=22400, stack(0x000000b920b00000,0x000000b920c00000)]
  0x0000023b027eeba0 JavaThread "Cache worker for cache directory md-supplier (C:\Users\oriol\.gradle\caches\8.0\md-supplier)" [_thread_blocked, id=22272, stack(0x000000b920c00000,0x000000b920d00000)]
  0x0000023b027f03b0 JavaThread "Cache worker for execution history cache (C:\Users\oriol\.gradle\caches\8.0\executionHistory)" [_thread_blocked, id=20796, stack(0x000000b920d00000,0x000000b920e00000)]
  0x0000023b027efee0 JavaThread "jar transforms" [_thread_blocked, id=20348, stack(0x000000b920e00000,0x000000b920f00000)]
  0x0000023b027ef070 JavaThread "jar transforms Thread 2" [_thread_blocked, id=22280, stack(0x000000b920f00000,0x000000b921000000)]
  0x0000023b027e9500 JavaThread "Cache worker for kotlin-dsl (C:\Users\oriol\.gradle\caches\8.0\kotlin-dsl)" [_thread_blocked, id=22444, stack(0x000000b921100000,0x000000b921200000)]
  0x0000023b027ecec0 JavaThread "jar transforms Thread 3" [_thread_blocked, id=4188, stack(0x000000b921200000,0x000000b921300000)]
  0x0000023b027e99d0 JavaThread "jar transforms Thread 4" [_thread_blocked, id=7000, stack(0x000000b921300000,0x000000b921400000)]
  0x0000023b027ea840 JavaThread "Cache worker for dependencies-accessors (C:\Users\oriol\Connect4\.gradle\8.0\dependencies-accessors)" [_thread_blocked, id=7704, stack(0x000000b921400000,0x000000b921500000)]
  0x0000023b027eb1e0 JavaThread "Cache worker for Build Output Cleanup Cache (C:\Users\oriol\Connect4\.gradle\buildOutputCleanup)" [_thread_blocked, id=22288, stack(0x000000b921500000,0x000000b921600000)]
  0x0000023b027ebb80 JavaThread "jar transforms Thread 5" [_thread_blocked, id=12832, stack(0x000000b921600000,0x000000b921700000)]
  0x0000023b027ed860 JavaThread "Unconstrained build operations" [_thread_blocked, id=22356, stack(0x000000b921700000,0x000000b921800000)]
  0x0000023b01d2a090 JavaThread "Unconstrained build operations Thread 2" [_thread_blocked, id=22204, stack(0x000000b921800000,0x000000b921900000)]
  0x0000023b01d29220 JavaThread "Unconstrained build operations Thread 3" [_thread_blocked, id=22452, stack(0x000000b921900000,0x000000b921a00000)]
  0x0000023b01d2aa30 JavaThread "Unconstrained build operations Thread 4" [_thread_blocked, id=22292, stack(0x000000b921a00000,0x000000b921b00000)]
  0x0000023b01d2a560 JavaThread "Unconstrained build operations Thread 5" [_thread_blocked, id=12972, stack(0x000000b921b00000,0x000000b921c00000)]
  0x0000023b01d296f0 JavaThread "Unconstrained build operations Thread 6" [_thread_blocked, id=18820, stack(0x000000b921c00000,0x000000b921d00000)]
  0x0000023b01d2e3f0 JavaThread "Unconstrained build operations Thread 7" [_thread_blocked, id=18984, stack(0x000000b921d00000,0x000000b921e00000)]
  0x0000023b01d28880 JavaThread "Unconstrained build operations Thread 8" [_thread_blocked, id=18608, stack(0x000000b921e00000,0x000000b921f00000)]
  0x0000023b01d2bd70 JavaThread "Unconstrained build operations Thread 9" [_thread_blocked, id=9416, stack(0x000000b921f00000,0x000000b922000000)]
  0x0000023b01d283b0 JavaThread "Unconstrained build operations Thread 10" [_thread_blocked, id=16128, stack(0x000000b922000000,0x000000b922100000)]
  0x0000023b01d2af00 JavaThread "Unconstrained build operations Thread 11" [_thread_blocked, id=13020, stack(0x000000b922100000,0x000000b922200000)]
  0x0000023b01d2b3d0 JavaThread "Unconstrained build operations Thread 12" [_thread_blocked, id=14140, stack(0x000000b922200000,0x000000b922300000)]
  0x0000023b01d2e8c0 JavaThread "Unconstrained build operations Thread 13" [_thread_blocked, id=15376, stack(0x000000b922300000,0x000000b922400000)]
  0x0000023b01d27070 JavaThread "Unconstrained build operations Thread 14" [_thread_blocked, id=17188, stack(0x000000b922400000,0x000000b922500000)]
  0x0000023b01d2cbe0 JavaThread "Unconstrained build operations Thread 15" [_thread_blocked, id=17060, stack(0x000000b922500000,0x000000b922600000)]
  0x0000023b01d27540 JavaThread "Unconstrained build operations Thread 16" [_thread_blocked, id=20012, stack(0x000000b922600000,0x000000b922700000)]
  0x0000023b01d2da50 JavaThread "Unconstrained build operations Thread 17" [_thread_blocked, id=14624, stack(0x000000b922700000,0x000000b922800000)]
  0x0000023b01d28d50 JavaThread "Unconstrained build operations Thread 18" [_thread_blocked, id=8556, stack(0x000000b922800000,0x000000b922900000)]
  0x0000023b01d27a10 JavaThread "Unconstrained build operations Thread 19" [_thread_blocked, id=14000, stack(0x000000b922900000,0x000000b922a00000)]
  0x0000023b01d2c710 JavaThread "Unconstrained build operations Thread 20" [_thread_blocked, id=13796, stack(0x000000b922a00000,0x000000b922b00000)]
  0x0000023b01d2b8a0 JavaThread "Unconstrained build operations Thread 21" [_thread_blocked, id=6444, stack(0x000000b922b00000,0x000000b922c00000)]
  0x0000023b01d2df20 JavaThread "Unconstrained build operations Thread 22" [_thread_blocked, id=18252, stack(0x000000b922c00000,0x000000b922d00000)]
  0x0000023b01d2c240 JavaThread "Unconstrained build operations Thread 23" [_thread_blocked, id=17256, stack(0x000000b922d00000,0x000000b922e00000)]
  0x0000023b01d29bc0 JavaThread "Unconstrained build operations Thread 24" [_thread_blocked, id=10332, stack(0x000000b922e00000,0x000000b922f00000)]
  0x0000023b01d2d0b0 JavaThread "Unconstrained build operations Thread 25" [_thread_blocked, id=18196, stack(0x000000b922f00000,0x000000b923000000)]
  0x0000023b01d2d580 JavaThread "Unconstrained build operations Thread 26" [_thread_blocked, id=19896, stack(0x000000b923000000,0x000000b923100000)]
  0x0000023b01d27ee0 JavaThread "Unconstrained build operations Thread 27" [_thread_blocked, id=12864, stack(0x000000b923100000,0x000000b923200000)]
  0x0000023b04b395e0 JavaThread "Unconstrained build operations Thread 28" [_thread_blocked, id=20908, stack(0x000000b923200000,0x000000b923300000)]
  0x0000023b04b3c600 JavaThread "Unconstrained build operations Thread 29" [_thread_blocked, id=20912, stack(0x000000b923300000,0x000000b923400000)]
  0x0000023b04b3bc60 JavaThread "Unconstrained build operations Thread 30" [_thread_blocked, id=3376, stack(0x000000b923400000,0x000000b923500000)]
  0x0000023b04b3a450 JavaThread "Unconstrained build operations Thread 31" [_thread_blocked, id=19476, stack(0x000000b923500000,0x000000b923600000)]
  0x0000023b04b3a920 JavaThread "Unconstrained build operations Thread 32" [_thread_blocked, id=16144, stack(0x000000b923600000,0x000000b923700000)]
  0x0000023b04b39f80 JavaThread "Unconstrained build operations Thread 33" [_thread_blocked, id=20456, stack(0x000000b923700000,0x000000b923800000)]
  0x0000023b04b3cfa0 JavaThread "Unconstrained build operations Thread 34" [_thread_blocked, id=20140, stack(0x000000b923800000,0x000000b923900000)]
  0x0000023b04b3adf0 JavaThread "Unconstrained build operations Thread 35" [_thread_blocked, id=20820, stack(0x000000b923900000,0x000000b923a00000)]
  0x0000023b04b3cad0 JavaThread "Unconstrained build operations Thread 36" [_thread_blocked, id=17472, stack(0x000000b923a00000,0x000000b923b00000)]
  0x0000023b04b3b790 JavaThread "Unconstrained build operations Thread 37" [_thread_blocked, id=12036, stack(0x000000b923b00000,0x000000b923c00000)]
  0x0000023b04b3b2c0 JavaThread "Unconstrained build operations Thread 38" [_thread_blocked, id=19768, stack(0x000000b923c00000,0x000000b923d00000)]
  0x0000023b04b3c130 JavaThread "Unconstrained build operations Thread 39" [_thread_blocked, id=6776, stack(0x000000b923d00000,0x000000b923e00000)]
  0x0000023b04b39ab0 JavaThread "Unconstrained build operations Thread 40" [_thread_blocked, id=14972, stack(0x000000b923e00000,0x000000b923f00000)]
  0x0000023b052f7a90 JavaThread "Unconstrained build operations Thread 41" [_thread_blocked, id=20476, stack(0x000000b923f00000,0x000000b924000000)]
  0x0000023b052f5410 JavaThread "Unconstrained build operations Thread 42" [_thread_blocked, id=18768, stack(0x000000b924000000,0x000000b924100000)]
  0x0000023b052f9770 JavaThread "Unconstrained build operations Thread 43" [_thread_blocked, id=20000, stack(0x000000b924100000,0x000000b924200000)]
  0x0000023b052fa110 JavaThread "Unconstrained build operations Thread 44" [_thread_blocked, id=1088, stack(0x000000b924200000,0x000000b924300000)]
  0x0000023b052f3730 JavaThread "Unconstrained build operations Thread 45" [_thread_blocked, id=22056, stack(0x000000b924300000,0x000000b924400000)]
  0x0000023b052f92a0 JavaThread "Unconstrained build operations Thread 46" [_thread_blocked, id=20644, stack(0x000000b924400000,0x000000b924500000)]
  0x0000023b052f58e0 JavaThread "Unconstrained build operations Thread 47" [_thread_blocked, id=21228, stack(0x000000b924500000,0x000000b924600000)]
  0x0000023b052f8430 JavaThread "Unconstrained build operations Thread 48" [_thread_blocked, id=20184, stack(0x000000b924600000,0x000000b924700000)]
  0x0000023b052f8900 JavaThread "Unconstrained build operations Thread 49" [_thread_blocked, id=19712, stack(0x000000b924700000,0x000000b924800000)]
  0x0000023b052f70f0 JavaThread "Unconstrained build operations Thread 50" [_thread_blocked, id=22068, stack(0x000000b924800000,0x000000b924900000)]
  0x0000023b052f5db0 JavaThread "Unconstrained build operations Thread 51" [_thread_blocked, id=3556, stack(0x000000b924900000,0x000000b924a00000)]
  0x0000023b052f6280 JavaThread "Unconstrained build operations Thread 52" [_thread_blocked, id=612, stack(0x000000b924a00000,0x000000b924b00000)]
  0x0000023b052f4f40 JavaThread "Unconstrained build operations Thread 53" [_thread_blocked, id=11180, stack(0x000000b924b00000,0x000000b924c00000)]
  0x0000023b052f2d90 JavaThread "Unconstrained build operations Thread 54" [_thread_blocked, id=20876, stack(0x000000b924c00000,0x000000b924d00000)]
  0x0000023b052f6750 JavaThread "Unconstrained build operations Thread 55" [_thread_blocked, id=19928, stack(0x000000b924d00000,0x000000b924e00000)]
  0x0000023b052f9c40 JavaThread "Unconstrained build operations Thread 56" [_thread_blocked, id=21472, stack(0x000000b924e00000,0x000000b924f00000)]
  0x0000023b052f3c00 JavaThread "Unconstrained build operations Thread 57" [_thread_blocked, id=22080, stack(0x000000b924f00000,0x000000b925000000)]
  0x0000023b052f8dd0 JavaThread "Unconstrained build operations Thread 58" [_thread_blocked, id=13200, stack(0x000000b925000000,0x000000b925100000)]
  0x0000023b052fa5e0 JavaThread "Unconstrained build operations Thread 59" [_thread_blocked, id=4492, stack(0x000000b925100000,0x000000b925200000)]
  0x0000023b052f40d0 JavaThread "Unconstrained build operations Thread 60" [_thread_blocked, id=22336, stack(0x000000b925200000,0x000000b925300000)]
  0x0000023b052f6c20 JavaThread "Unconstrained build operations Thread 61" [_thread_blocked, id=20928, stack(0x000000b925300000,0x000000b925400000)]
  0x0000023b052f3260 JavaThread "Unconstrained build operations Thread 62" [_thread_blocked, id=8668, stack(0x000000b925400000,0x000000b925500000)]
  0x0000023b052f75c0 JavaThread "Unconstrained build operations Thread 63" [_thread_blocked, id=22416, stack(0x000000b925500000,0x000000b925600000)]
  0x0000023b052f45a0 JavaThread "Unconstrained build operations Thread 64" [_thread_blocked, id=22332, stack(0x000000b925600000,0x000000b925700000)]
  0x0000023b052f4a70 JavaThread "Unconstrained build operations Thread 65" [_thread_blocked, id=20328, stack(0x000000b925700000,0x000000b925800000)]
  0x0000023b052f7f60 JavaThread "Unconstrained build operations Thread 66" [_thread_blocked, id=3144, stack(0x000000b925800000,0x000000b925900000)]
  0x0000023b080f3b40 JavaThread "Unconstrained build operations Thread 67" [_thread_blocked, id=8648, stack(0x000000b925900000,0x000000b925a00000)]
  0x0000023b080ee970 JavaThread "Unconstrained build operations Thread 68" [_thread_blocked, id=14992, stack(0x000000b925a00000,0x000000b925b00000)]
  0x0000023b080f0650 JavaThread "Unconstrained build operations Thread 69" [_thread_blocked, id=20488, stack(0x000000b925b00000,0x000000b925c00000)]
  0x0000023b080f2800 JavaThread "Unconstrained build operations Thread 70" [_thread_blocked, id=10984, stack(0x000000b925c00000,0x000000b925d00000)]
  0x0000023b080f4010 JavaThread "Unconstrained build operations Thread 71" [_thread_blocked, id=20464, stack(0x000000b925d00000,0x000000b925e00000)]
  0x0000023b080f5820 JavaThread "Unconstrained build operations Thread 72" [_thread_blocked, id=21724, stack(0x000000b925e00000,0x000000b925f00000)]
  0x0000023b080f44e0 JavaThread "Unconstrained build operations Thread 73" [_thread_blocked, id=21428, stack(0x000000b925f00000,0x000000b926000000)]
  0x0000023b080f0ff0 JavaThread "Unconstrained build operations Thread 74" [_thread_blocked, id=16256, stack(0x000000b926000000,0x000000b926100000)]
  0x0000023b080f49b0 JavaThread "Unconstrained build operations Thread 75" [_thread_blocked, id=20756, stack(0x000000b926100000,0x000000b926200000)]
  0x0000023b080f31a0 JavaThread "Unconstrained build operations Thread 76" [_thread_blocked, id=3868, stack(0x000000b926200000,0x000000b926300000)]
  0x0000023b080f4e80 JavaThread "Unconstrained build operations Thread 77" [_thread_blocked, id=20744, stack(0x000000b926300000,0x000000b926400000)]
  0x0000023b080f2cd0 JavaThread "Unconstrained build operations Thread 78" [_thread_blocked, id=19704, stack(0x000000b926400000,0x000000b926500000)]
  0x0000023b080f5350 JavaThread "Unconstrained build operations Thread 79" [_thread_blocked, id=5756, stack(0x000000b926500000,0x000000b926600000)]
  0x0000023b080f3670 JavaThread "Unconstrained build operations Thread 80" [_thread_blocked, id=772, stack(0x000000b926600000,0x000000b926700000)]
  0x0000023b080f14c0 JavaThread "jar transforms Thread 6" [_thread_blocked, id=17728, stack(0x000000b926700000,0x000000b926800000)]
  0x0000023b080edfd0 JavaThread "jar transforms Thread 7" [_thread_blocked, id=16292, stack(0x000000b926800000,0x000000b926900000)]
  0x0000023b080ee4a0 JavaThread "jar transforms Thread 8" [_thread_blocked, id=21868, stack(0x000000b926900000,0x000000b926a00000)]
  0x0000023b080ef310 JavaThread "build event listener" [_thread_blocked, id=4436, stack(0x000000b926a00000,0x000000b926b00000)]
  0x0000023b080f0180 JavaThread "Memory manager" [_thread_blocked, id=21620, stack(0x000000b926b00000,0x000000b926c00000)]
  0x0000023b04d5e3e0 JavaThread "included builds" [_thread_blocked, id=22364, stack(0x000000b926c00000,0x000000b926d00000)]
  0x0000023b04d5aef0 JavaThread "Execution worker" [_thread_blocked, id=9092, stack(0x000000b926d00000,0x000000b926e00000)]
  0x0000023b04d5a550 JavaThread "Execution worker Thread 2" [_thread_blocked, id=16220, stack(0x000000b926e00000,0x000000b926f00000)]
  0x0000023b04d5da40 JavaThread "Execution worker Thread 3" [_thread_blocked, id=20100, stack(0x000000b926f00000,0x000000b927000000)]
  0x0000023b04d5df10 JavaThread "Execution worker Thread 4" [_thread_blocked, id=20720, stack(0x000000b927000000,0x000000b927100000)]
  0x0000023b04d5cbd0 JavaThread "Execution worker Thread 5" [_thread_blocked, id=3416, stack(0x000000b927100000,0x000000b927200000)]
  0x0000023b04d600c0 JavaThread "Execution worker Thread 6" [_thread_blocked, id=14348, stack(0x000000b927200000,0x000000b927300000)]
  0x0000023b04d5e8b0 JavaThread "Execution worker Thread 7" [_thread_blocked, id=9572, stack(0x000000b927300000,0x000000b927400000)]
  0x0000023b04d5ed80 JavaThread "Cache worker for execution history cache (C:\Users\oriol\Connect4\.gradle\8.0\executionHistory)" [_thread_blocked, id=18844, stack(0x000000b927400000,0x000000b927500000)]

Other Threads:
=>0x0000023b7dbbd300 VMThread "VM Thread" [stack: 0x000000b91e200000,0x000000b91e300000] [id=19620]
  0x0000023b61e30c80 WatcherThread [stack: 0x000000b91ee00000,0x000000b91ef00000] [id=22304]
  0x0000023b61e19990 GCTaskThread "GC Thread#0" [stack: 0x000000b91dd00000,0x000000b91de00000] [id=19348]
  0x0000023b006c6d30 GCTaskThread "GC Thread#1" [stack: 0x000000b91f100000,0x000000b91f200000] [id=22372]
  0x0000023b0023fa60 GCTaskThread "GC Thread#2" [stack: 0x000000b91f200000,0x000000b91f300000] [id=22472]
  0x0000023b0023fd10 GCTaskThread "GC Thread#3" [stack: 0x000000b91f300000,0x000000b91f400000] [id=22308]
  0x0000023b0023ffc0 GCTaskThread "GC Thread#4" [stack: 0x000000b91f400000,0x000000b91f500000] [id=22196]
  0x0000023b7ecdac20 GCTaskThread "GC Thread#5" [stack: 0x000000b91f500000,0x000000b91f600000] [id=22200]
  0x0000023b012f1020 GCTaskThread "GC Thread#6" [stack: 0x000000b920000000,0x000000b920100000] [id=20144]
  0x0000023b012f3e60 GCTaskThread "GC Thread#7" [stack: 0x000000b920100000,0x000000b920200000] [id=20128]
  0x0000023b61e2a8d0 ConcurrentGCThread "G1 Main Marker" [stack: 0x000000b91de00000,0x000000b91df00000] [id=3296]
  0x0000023b61e2b2e0 ConcurrentGCThread "G1 Conc#0" [stack: 0x000000b91df00000,0x000000b91e000000] [id=17080]
  0x0000023b017d1b80 ConcurrentGCThread "G1 Conc#1" [stack: 0x000000b920200000,0x000000b920300000] [id=19844]
  0x0000023b61e7e4a0 ConcurrentGCThread "G1 Refine#0" [stack: 0x000000b91e000000,0x000000b91e100000] [id=10892]
  0x0000023b01dcc650 ConcurrentGCThread "G1 Refine#1" [stack: 0x000000b921000000,0x000000b921100000] [id=22392]
  0x0000023b7da6c5c0 ConcurrentGCThread "G1 Service" [stack: 0x000000b91e100000,0x000000b91e200000] [id=19300]

Threads with active compile tasks:
C2 CompilerThread0     8359 10526       4       sun.nio.fs.WindowsPathParser::parse (384 bytes)
C2 CompilerThread1     8360 10534       4       java.io.WinNTFileSystem::resolve (275 bytes)
C2 CompilerThread2     8360 10400   !   4       org.gradle.internal.event.AbstractBroadcastDispatch::dispatch (74 bytes)

VM state: at safepoint (normal execution)

VM Mutex/Monitor currently owned by a thread:  ([mutex/lock_event])
[0x0000023b61db9ce0] Threads_lock - owner thread: 0x0000023b7dbbd300
[0x0000023b61dba550] Heap_lock - owner thread: 0x0000023b052f6c20

Heap address: 0x0000000080000000, size: 2048 MB, Compressed Oops mode: 32-bit

CDS archive(s) not mapped
Compressed class space mapped at: 0x0000000100000000-0x0000000140000000, reserved size: 1073741824
Narrow klass base: 0x0000000000000000, Narrow klass shift: 3, Narrow klass range: 0x140000000

GC Precious Log:
 CPUs: 8 total, 8 available
 Memory: 16167M
 Large Page Support: Disabled
 NUMA Support: Disabled
 Compressed Oops: Enabled (32-bit)
 Heap Region Size: 1M
 Heap Min Capacity: 8M
 Heap Initial Capacity: 254M
 Heap Max Capacity: 2G
 Pre-touch: Disabled
 Parallel Workers: 8
 Concurrent Workers: 2
 Concurrent Refinement Workers: 8
 Periodic GC: Disabled

Heap:
 garbage-first heap   total 148480K, used 85667K [0x0000000080000000, 0x0000000100000000)
  region size 1024K, 5 young (5120K), 5 survivors (5120K)
 Metaspace       used 90621K, committed 91264K, reserved 1130496K
  class space    used 12460K, committed 12736K, reserved 1048576K

Heap Regions: E=young(eden), S=young(survivor), O=old, HS=humongous(starts), HC=humongous(continues), CS=collection set, F=free, OA=open archive, CA=closed archive, TAMS=top-at-mark-start (previous, next)
|   0|0x0000000080000000, 0x0000000080100000, 0x0000000080100000|100%|HS|  |TAMS 0x0000000080100000, 0x0000000080100000| Complete 
|   1|0x0000000080100000, 0x0000000080200000, 0x0000000080200000|100%|HC|  |TAMS 0x0000000080200000, 0x0000000080200000| Complete 
|   2|0x0000000080200000, 0x0000000080300000, 0x0000000080300000|100%|HC|  |TAMS 0x0000000080300000, 0x0000000080300000| Complete 
|   3|0x0000000080300000, 0x0000000080400000, 0x0000000080400000|100%|HC|  |TAMS 0x0000000080400000, 0x0000000080400000| Complete 
|   4|0x0000000080400000, 0x0000000080500000, 0x0000000080500000|100%| O|  |TAMS 0x0000000080500000, 0x0000000080500000| Untracked 
|   5|0x0000000080500000, 0x0000000080600000, 0x0000000080600000|100%| O|  |TAMS 0x0000000080600000, 0x0000000080600000| Untracked 
|   6|0x0000000080600000, 0x0000000080700000, 0x0000000080700000|100%| O|  |TAMS 0x0000000080700000, 0x0000000080700000| Untracked 
|   7|0x0000000080700000, 0x0000000080800000, 0x0000000080800000|100%| O|  |TAMS 0x0000000080800000, 0x0000000080800000| Untracked 
|   8|0x0000000080800000, 0x0000000080900000, 0x0000000080900000|100%| O|  |TAMS 0x0000000080900000, 0x0000000080900000| Untracked 
|   9|0x0000000080900000, 0x0000000080a00000, 0x0000000080a00000|100%| O|  |TAMS 0x0000000080a00000, 0x0000000080a00000| Untracked 
|  10|0x0000000080a00000, 0x0000000080b00000, 0x0000000080b00000|100%| O|  |TAMS 0x0000000080b00000, 0x0000000080b00000| Untracked 
|  11|0x0000000080b00000, 0x0000000080c00000, 0x0000000080c00000|100%| O|  |TAMS 0x0000000080c00000, 0x0000000080c00000| Untracked 
|  12|0x0000000080c00000, 0x0000000080d00000, 0x0000000080d00000|100%| O|  |TAMS 0x0000000080d00000, 0x0000000080d00000| Untracked 
|  13|0x0000000080d00000, 0x0000000080e00000, 0x0000000080e00000|100%| O|  |TAMS 0x0000000080e00000, 0x0000000080e00000| Untracked 
|  14|0x0000000080e00000, 0x0000000080f00000, 0x0000000080f00000|100%| O|  |TAMS 0x0000000080f00000, 0x0000000080f00000| Untracked 
|  15|0x0000000080f00000, 0x0000000081000000, 0x0000000081000000|100%| O|  |TAMS 0x0000000081000000, 0x0000000081000000| Untracked 
|  16|0x0000000081000000, 0x0000000081100000, 0x0000000081100000|100%| O|  |TAMS 0x0000000081100000, 0x0000000081100000| Untracked 
|  17|0x0000000081100000, 0x0000000081200000, 0x0000000081200000|100%| O|  |TAMS 0x0000000081200000, 0x0000000081200000| Untracked 
|  18|0x0000000081200000, 0x0000000081300000, 0x0000000081300000|100%| O|  |TAMS 0x0000000081300000, 0x0000000081300000| Untracked 
|  19|0x0000000081300000, 0x0000000081400000, 0x0000000081400000|100%| O|  |TAMS 0x0000000081400000, 0x0000000081400000| Untracked 
|  20|0x0000000081400000, 0x0000000081500000, 0x0000000081500000|100%| O|  |TAMS 0x0000000081500000, 0x0000000081500000| Untracked 
|  21|0x0000000081500000, 0x0000000081600000, 0x0000000081600000|100%| O|  |TAMS 0x0000000081600000, 0x0000000081600000| Untracked 
|  22|0x0000000081600000, 0x0000000081700000, 0x0000000081700000|100%| O|  |TAMS 0x0000000081700000, 0x0000000081700000| Untracked 
|  23|0x0000000081700000, 0x0000000081800000, 0x0000000081800000|100%| O|  |TAMS 0x0000000081800000, 0x0000000081800000| Untracked 
|  24|0x0000000081800000, 0x0000000081900000, 0x0000000081900000|100%| O|  |TAMS 0x0000000081900000, 0x0000000081900000| Untracked 
|  25|0x0000000081900000, 0x0000000081900000, 0x0000000081a00000|  0%| F|  |TAMS 0x0000000081900000, 0x0000000081900000| Untracked 
|  26|0x0000000081a00000, 0x0000000081b00000, 0x0000000081b00000|100%| O|  |TAMS 0x0000000081b00000, 0x0000000081b00000| Untracked 
|  27|0x0000000081b00000, 0x0000000081c00000, 0x0000000081c00000|100%| O|  |TAMS 0x0000000081c00000, 0x0000000081c00000| Untracked 
|  28|0x0000000081c00000, 0x0000000081d00000, 0x0000000081d00000|100%| O|  |TAMS 0x0000000081d00000, 0x0000000081d00000| Untracked 
|  29|0x0000000081d00000, 0x0000000081e00000, 0x0000000081e00000|100%| O|  |TAMS 0x0000000081e00000, 0x0000000081e00000| Untracked 
|  30|0x0000000081e00000, 0x0000000081f00000, 0x0000000081f00000|100%| O|  |TAMS 0x0000000081f00000, 0x0000000081f00000| Untracked 
|  31|0x0000000081f00000, 0x0000000082000000, 0x0000000082000000|100%| O|  |TAMS 0x0000000082000000, 0x0000000082000000| Untracked 
|  32|0x0000000082000000, 0x0000000082100000, 0x0000000082100000|100%|HS|  |TAMS 0x0000000082100000, 0x0000000082100000| Complete 
|  33|0x0000000082100000, 0x0000000082200000, 0x0000000082200000|100%|HS|  |TAMS 0x0000000082200000, 0x0000000082200000| Complete 
|  34|0x0000000082200000, 0x0000000082300000, 0x0000000082300000|100%|HS|  |TAMS 0x0000000082300000, 0x0000000082300000| Complete 
|  35|0x0000000082300000, 0x0000000082400000, 0x0000000082400000|100%| O|  |TAMS 0x0000000082400000, 0x0000000082400000| Untracked 
|  36|0x0000000082400000, 0x0000000082500000, 0x0000000082500000|100%| O|  |TAMS 0x0000000082500000, 0x0000000082500000| Untracked 
|  37|0x0000000082500000, 0x0000000082600000, 0x0000000082600000|100%| O|  |TAMS 0x0000000082600000, 0x0000000082600000| Untracked 
|  38|0x0000000082600000, 0x0000000082700000, 0x0000000082700000|100%| O|  |TAMS 0x0000000082700000, 0x0000000082700000| Untracked 
|  39|0x0000000082700000, 0x0000000082800000, 0x0000000082800000|100%| O|  |TAMS 0x0000000082800000, 0x0000000082800000| Untracked 
|  40|0x0000000082800000, 0x0000000082800000, 0x0000000082900000|  0%| F|  |TAMS 0x0000000082800000, 0x0000000082800000| Untracked 
|  41|0x0000000082900000, 0x0000000082a00000, 0x0000000082a00000|100%| O|  |TAMS 0x0000000082a00000, 0x0000000082a00000| Untracked 
|  42|0x0000000082a00000, 0x0000000082b00000, 0x0000000082b00000|100%| O|  |TAMS 0x0000000082b00000, 0x0000000082b00000| Untracked 
|  43|0x0000000082b00000, 0x0000000082c00000, 0x0000000082c00000|100%| O|  |TAMS 0x0000000082c00000, 0x0000000082c00000| Untracked 
|  44|0x0000000082c00000, 0x0000000082d00000, 0x0000000082d00000|100%| O|  |TAMS 0x0000000082d00000, 0x0000000082d00000| Untracked 
|  45|0x0000000082d00000, 0x0000000082e00000, 0x0000000082e00000|100%| O|  |TAMS 0x0000000082e00000, 0x0000000082e00000| Untracked 
|  46|0x0000000082e00000, 0x0000000082f00000, 0x0000000082f00000|100%| O|  |TAMS 0x0000000082f00000, 0x0000000082f00000| Untracked 
|  47|0x0000000082f00000, 0x0000000083000000, 0x0000000083000000|100%| O|  |TAMS 0x0000000083000000, 0x0000000083000000| Untracked 
|  48|0x0000000083000000, 0x0000000083100000, 0x0000000083100000|100%| O|  |TAMS 0x0000000083100000, 0x0000000083100000| Untracked 
|  49|0x0000000083100000, 0x0000000083200000, 0x0000000083200000|100%| O|  |TAMS 0x0000000083200000, 0x0000000083200000| Untracked 
|  50|0x0000000083200000, 0x0000000083300000, 0x0000000083300000|100%| O|  |TAMS 0x0000000083300000, 0x0000000083300000| Untracked 
|  51|0x0000000083300000, 0x0000000083400000, 0x0000000083400000|100%| O|  |TAMS 0x0000000083400000, 0x0000000083400000| Untracked 
|  52|0x0000000083400000, 0x0000000083500000, 0x0000000083500000|100%| O|  |TAMS 0x0000000083500000, 0x0000000083500000| Untracked 
|  53|0x0000000083500000, 0x0000000083600000, 0x0000000083600000|100%| O|  |TAMS 0x0000000083600000, 0x0000000083600000| Untracked 
|  54|0x0000000083600000, 0x0000000083700000, 0x0000000083700000|100%| O|  |TAMS 0x0000000083700000, 0x0000000083700000| Untracked 
|  55|0x0000000083700000, 0x0000000083800000, 0x0000000083800000|100%| O|  |TAMS 0x0000000083800000, 0x0000000083800000| Untracked 
|  56|0x0000000083800000, 0x0000000083900000, 0x0000000083900000|100%| O|  |TAMS 0x0000000083900000, 0x0000000083900000| Untracked 
|  57|0x0000000083900000, 0x0000000083a00000, 0x0000000083a00000|100%| O|  |TAMS 0x0000000083a00000, 0x0000000083a00000| Untracked 
|  58|0x0000000083a00000, 0x0000000083b00000, 0x0000000083b00000|100%| O|  |TAMS 0x0000000083b00000, 0x0000000083b00000| Untracked 
|  59|0x0000000083b00000, 0x0000000083c00000, 0x0000000083c00000|100%| O|  |TAMS 0x0000000083c00000, 0x0000000083c00000| Untracked 
|  60|0x0000000083c00000, 0x0000000083d00000, 0x0000000083d00000|100%| O|  |TAMS 0x0000000083d00000, 0x0000000083d00000| Untracked 
|  61|0x0000000083d00000, 0x0000000083e00000, 0x0000000083e00000|100%| O|  |TAMS 0x0000000083e00000, 0x0000000083e00000| Untracked 
|  62|0x0000000083e00000, 0x0000000083f00000, 0x0000000083f00000|100%| O|  |TAMS 0x0000000083f00000, 0x0000000083f00000| Untracked 
|  63|0x0000000083f00000, 0x0000000084000000, 0x0000000084000000|100%| O|  |TAMS 0x0000000084000000, 0x0000000084000000| Untracked 
|  64|0x0000000084000000, 0x0000000084100000, 0x0000000084100000|100%| O|  |TAMS 0x0000000084078600, 0x0000000084100000| Untracked 
|  65|0x0000000084100000, 0x0000000084200000, 0x0000000084200000|100%| O|  |TAMS 0x0000000084100000, 0x0000000084200000| Untracked 
|  66|0x0000000084200000, 0x0000000084300000, 0x0000000084300000|100%| O|  |TAMS 0x0000000084200000, 0x0000000084300000| Untracked 
|  67|0x0000000084300000, 0x0000000084400000, 0x0000000084400000|100%| O|  |TAMS 0x0000000084300000, 0x0000000084400000| Untracked 
|  68|0x0000000084400000, 0x0000000084500000, 0x0000000084500000|100%| O|  |TAMS 0x0000000084400000, 0x0000000084500000| Untracked 
|  69|0x0000000084500000, 0x0000000084600000, 0x0000000084600000|100%| O|  |TAMS 0x0000000084500000, 0x0000000084600000| Untracked 
|  70|0x0000000084600000, 0x0000000084700000, 0x0000000084700000|100%| O|  |TAMS 0x0000000084600000, 0x0000000084700000| Untracked 
|  71|0x0000000084700000, 0x0000000084800000, 0x0000000084800000|100%| O|  |TAMS 0x0000000084700000, 0x0000000084800000| Untracked 
|  72|0x0000000084800000, 0x0000000084900000, 0x0000000084900000|100%| O|  |TAMS 0x0000000084800000, 0x0000000084900000| Untracked 
|  73|0x0000000084900000, 0x0000000084a00000, 0x0000000084a00000|100%| O|  |TAMS 0x0000000084900000, 0x0000000084a00000| Untracked 
|  74|0x0000000084a00000, 0x0000000084b00000, 0x0000000084b00000|100%| O|  |TAMS 0x0000000084a00000, 0x0000000084b00000| Untracked 
|  75|0x0000000084b00000, 0x0000000084c00000, 0x0000000084c00000|100%| O|  |TAMS 0x0000000084b00000, 0x0000000084c00000| Untracked 
|  76|0x0000000084c00000, 0x0000000084d00000, 0x0000000084d00000|100%| O|  |TAMS 0x0000000084c00000, 0x0000000084d00000| Untracked 
|  77|0x0000000084d00000, 0x0000000084e00000, 0x0000000084e00000|100%| O|  |TAMS 0x0000000084d00000, 0x0000000084e00000| Untracked 
|  78|0x0000000084e00000, 0x0000000084f00000, 0x0000000084f00000|100%| O|  |TAMS 0x0000000084e00000, 0x0000000084f00000| Untracked 
|  79|0x0000000084f00000, 0x0000000085000000, 0x0000000085000000|100%| O|  |TAMS 0x0000000084f00000, 0x0000000085000000| Untracked 
|  80|0x0000000085000000, 0x0000000085100000, 0x0000000085100000|100%| O|  |TAMS 0x0000000085000000, 0x0000000085100000| Untracked 
|  81|0x0000000085100000, 0x000000008511d800, 0x0000000085200000| 11%| O|  |TAMS 0x0000000085100000, 0x000000008511d800| Untracked 
|  82|0x0000000085200000, 0x0000000085200000, 0x0000000085300000|  0%| F|  |TAMS 0x0000000085200000, 0x0000000085200000| Untracked 
|  83|0x0000000085300000, 0x0000000085300000, 0x0000000085400000|  0%| F|  |TAMS 0x0000000085300000, 0x0000000085300000| Untracked 
|  84|0x0000000085400000, 0x0000000085400000, 0x0000000085500000|  0%| F|  |TAMS 0x0000000085400000, 0x0000000085400000| Untracked 
|  85|0x0000000085500000, 0x0000000085500000, 0x0000000085600000|  0%| F|  |TAMS 0x0000000085500000, 0x0000000085500000| Untracked 
|  86|0x0000000085600000, 0x0000000085600000, 0x0000000085700000|  0%| F|  |TAMS 0x0000000085600000, 0x0000000085600000| Untracked 
|  87|0x0000000085700000, 0x0000000085700000, 0x0000000085800000|  0%| F|  |TAMS 0x0000000085700000, 0x0000000085700000| Untracked 
|  88|0x0000000085800000, 0x0000000085800000, 0x0000000085900000|  0%| F|  |TAMS 0x0000000085800000, 0x0000000085800000| Untracked 
|  89|0x0000000085900000, 0x0000000085900000, 0x0000000085a00000|  0%| F|  |TAMS 0x0000000085900000, 0x0000000085900000| Untracked 
|  90|0x0000000085a00000, 0x0000000085a00000, 0x0000000085b00000|  0%| F|  |TAMS 0x0000000085a00000, 0x0000000085a00000| Untracked 
|  91|0x0000000085b00000, 0x0000000085b00000, 0x0000000085c00000|  0%| F|  |TAMS 0x0000000085b00000, 0x0000000085b00000| Untracked 
|  92|0x0000000085c00000, 0x0000000085c00000, 0x0000000085d00000|  0%| F|  |TAMS 0x0000000085c00000, 0x0000000085c00000| Untracked 
|  93|0x0000000085d00000, 0x0000000085d00000, 0x0000000085e00000|  0%| F|  |TAMS 0x0000000085d00000, 0x0000000085d00000| Untracked 
|  94|0x0000000085e00000, 0x0000000085e00000, 0x0000000085f00000|  0%| F|  |TAMS 0x0000000085e00000, 0x0000000085e00000| Untracked 
|  95|0x0000000085f00000, 0x0000000085f00000, 0x0000000086000000|  0%| F|  |TAMS 0x0000000085f00000, 0x0000000085f00000| Untracked 
|  96|0x0000000086000000, 0x0000000086000000, 0x0000000086100000|  0%| F|  |TAMS 0x0000000086000000, 0x0000000086000000| Untracked 
|  97|0x0000000086100000, 0x0000000086100000, 0x0000000086200000|  0%| F|  |TAMS 0x0000000086100000, 0x0000000086100000| Untracked 
|  98|0x0000000086200000, 0x0000000086200000, 0x0000000086300000|  0%| F|  |TAMS 0x0000000086200000, 0x0000000086200000| Untracked 
|  99|0x0000000086300000, 0x0000000086300000, 0x0000000086400000|  0%| F|  |TAMS 0x0000000086300000, 0x0000000086300000| Untracked 
| 100|0x0000000086400000, 0x0000000086400000, 0x0000000086500000|  0%| F|  |TAMS 0x0000000086400000, 0x0000000086400000| Untracked 
| 101|0x0000000086500000, 0x0000000086500000, 0x0000000086600000|  0%| F|  |TAMS 0x0000000086500000, 0x0000000086500000| Untracked 
| 102|0x0000000086600000, 0x0000000086600000, 0x0000000086700000|  0%| F|  |TAMS 0x0000000086600000, 0x0000000086600000| Untracked 
| 103|0x0000000086700000, 0x0000000086700000, 0x0000000086800000|  0%| F|  |TAMS 0x0000000086700000, 0x0000000086700000| Untracked 
| 104|0x0000000086800000, 0x000000008688b590, 0x0000000086900000| 54%| S|CS|TAMS 0x0000000086800000, 0x0000000086800000| Complete 
| 105|0x0000000086900000, 0x0000000086a00000, 0x0000000086a00000|100%| S|CS|TAMS 0x0000000086900000, 0x0000000086900000| Complete 
| 106|0x0000000086a00000, 0x0000000086b00000, 0x0000000086b00000|100%| S|CS|TAMS 0x0000000086a00000, 0x0000000086a00000| Complete 
| 107|0x0000000086b00000, 0x0000000086c00000, 0x0000000086c00000|100%| S|CS|TAMS 0x0000000086b00000, 0x0000000086b00000| Complete 
| 108|0x0000000086c00000, 0x0000000086d00000, 0x0000000086d00000|100%| S|CS|TAMS 0x0000000086c00000, 0x0000000086c00000| Complete 
| 109|0x0000000086d00000, 0x0000000086d00000, 0x0000000086e00000|  0%| F|  |TAMS 0x0000000086d00000, 0x0000000086d00000| Untracked 
| 110|0x0000000086e00000, 0x0000000086e00000, 0x0000000086f00000|  0%| F|  |TAMS 0x0000000086e00000, 0x0000000086e00000| Untracked 
| 111|0x0000000086f00000, 0x0000000086f00000, 0x0000000087000000|  0%| F|  |TAMS 0x0000000086f00000, 0x0000000086f00000| Untracked 
| 112|0x0000000087000000, 0x0000000087000000, 0x0000000087100000|  0%| F|  |TAMS 0x0000000087000000, 0x0000000087000000| Untracked 
| 113|0x0000000087100000, 0x0000000087100000, 0x0000000087200000|  0%| F|  |TAMS 0x0000000087100000, 0x0000000087100000| Untracked 
| 114|0x0000000087200000, 0x0000000087200000, 0x0000000087300000|  0%| F|  |TAMS 0x0000000087200000, 0x0000000087200000| Untracked 
| 115|0x0000000087300000, 0x0000000087300000, 0x0000000087400000|  0%| F|  |TAMS 0x0000000087300000, 0x0000000087300000| Untracked 
| 116|0x0000000087400000, 0x0000000087400000, 0x0000000087500000|  0%| F|  |TAMS 0x0000000087400000, 0x0000000087400000| Untracked 
| 117|0x0000000087500000, 0x0000000087500000, 0x0000000087600000|  0%| F|  |TAMS 0x0000000087500000, 0x0000000087500000| Untracked 
| 118|0x0000000087600000, 0x0000000087600000, 0x0000000087700000|  0%| F|  |TAMS 0x0000000087600000, 0x0000000087600000| Untracked 
| 119|0x0000000087700000, 0x0000000087700000, 0x0000000087800000|  0%| F|  |TAMS 0x0000000087700000, 0x0000000087700000| Untracked 
| 120|0x0000000087800000, 0x0000000087800000, 0x0000000087900000|  0%| F|  |TAMS 0x0000000087800000, 0x0000000087800000| Untracked 
| 121|0x0000000087900000, 0x0000000087900000, 0x0000000087a00000|  0%| F|  |TAMS 0x0000000087900000, 0x0000000087900000| Untracked 
| 122|0x0000000087a00000, 0x0000000087a00000, 0x0000000087b00000|  0%| F|  |TAMS 0x0000000087a00000, 0x0000000087a00000| Untracked 
| 123|0x0000000087b00000, 0x0000000087b00000, 0x0000000087c00000|  0%| F|  |TAMS 0x0000000087b00000, 0x0000000087b00000| Untracked 
| 124|0x0000000087c00000, 0x0000000087c00000, 0x0000000087d00000|  0%| F|  |TAMS 0x0000000087c00000, 0x0000000087c00000| Untracked 
| 125|0x0000000087d00000, 0x0000000087d00000, 0x0000000087e00000|  0%| F|  |TAMS 0x0000000087d00000, 0x0000000087d00000| Untracked 
| 126|0x0000000087e00000, 0x0000000087e00000, 0x0000000087f00000|  0%| F|  |TAMS 0x0000000087e00000, 0x0000000087e00000| Untracked 
| 127|0x0000000087f00000, 0x0000000087f00000, 0x0000000088000000|  0%| F|  |TAMS 0x0000000087f00000, 0x0000000087f00000| Untracked 
| 128|0x0000000088000000, 0x0000000088000000, 0x0000000088100000|  0%| F|  |TAMS 0x0000000088000000, 0x0000000088000000| Untracked 
| 129|0x0000000088100000, 0x0000000088100000, 0x0000000088200000|  0%| F|  |TAMS 0x0000000088100000, 0x0000000088100000| Untracked 
| 130|0x0000000088200000, 0x0000000088200000, 0x0000000088300000|  0%| F|  |TAMS 0x0000000088200000, 0x0000000088200000| Untracked 
| 131|0x0000000088300000, 0x0000000088300000, 0x0000000088400000|  0%| F|  |TAMS 0x0000000088300000, 0x0000000088300000| Untracked 
| 132|0x0000000088400000, 0x0000000088400000, 0x0000000088500000|  0%| F|  |TAMS 0x0000000088400000, 0x0000000088400000| Untracked 
| 133|0x0000000088500000, 0x0000000088500000, 0x0000000088600000|  0%| F|  |TAMS 0x0000000088500000, 0x0000000088500000| Untracked 
| 134|0x0000000088600000, 0x0000000088600000, 0x0000000088700000|  0%| F|  |TAMS 0x0000000088600000, 0x0000000088600000| Untracked 
| 135|0x0000000088700000, 0x0000000088700000, 0x0000000088800000|  0%| F|  |TAMS 0x0000000088700000, 0x0000000088700000| Untracked 
| 205|0x000000008cd00000, 0x000000008cd00000, 0x000000008ce00000|  0%| F|  |TAMS 0x000000008cd00000, 0x000000008cd00000| Untracked 
| 206|0x000000008ce00000, 0x000000008ce00000, 0x000000008cf00000|  0%| F|  |TAMS 0x000000008ce00000, 0x000000008ce00000| Untracked 
| 207|0x000000008cf00000, 0x000000008cf00000, 0x000000008d000000|  0%| F|  |TAMS 0x000000008cf00000, 0x000000008cf00000| Untracked 
| 208|0x000000008d000000, 0x000000008d000000, 0x000000008d100000|  0%| F|  |TAMS 0x000000008d000000, 0x000000008d000000| Untracked 
| 209|0x000000008d100000, 0x000000008d100000, 0x000000008d200000|  0%| F|  |TAMS 0x000000008d100000, 0x000000008d100000| Untracked 
| 210|0x000000008d200000, 0x000000008d200000, 0x000000008d300000|  0%| F|  |TAMS 0x000000008d200000, 0x000000008d200000| Untracked 
| 211|0x000000008d300000, 0x000000008d300000, 0x000000008d400000|  0%| F|  |TAMS 0x000000008d300000, 0x000000008d300000| Untracked 
| 212|0x000000008d400000, 0x000000008d400000, 0x000000008d500000|  0%| F|  |TAMS 0x000000008d400000, 0x000000008d400000| Untracked 
| 253|0x000000008fd00000, 0x000000008fd00000, 0x000000008fe00000|  0%| F|  |TAMS 0x000000008fd00000, 0x000000008fd00000| Untracked 

Card table byte_map: [0x0000023b768d0000,0x0000023b76cd0000] _byte_map_base: 0x0000023b764d0000

Marking Bits (Prev, Next): (CMBitMap*) 0x0000023b61e19fe0, (CMBitMap*) 0x0000023b61e19fa0
 Prev Bits: [0x0000023b790d0000, 0x0000023b7b0d0000)
 Next Bits: [0x0000023b770d0000, 0x0000023b790d0000)

Polling page: 0x0000023b66a30000

Metaspace:

Usage:
  Non-class:     76.33 MB used.
      Class:     12.17 MB used.
       Both:     88.50 MB used.

Virtual space:
  Non-class space:       80.00 MB reserved,      76.69 MB ( 96%) committed,  10 nodes.
      Class space:        1.00 GB reserved,      12.44 MB (  1%) committed,  1 nodes.
             Both:        1.08 GB reserved,      89.12 MB (  8%) committed. 

Chunk freelists:
   Non-Class:  3.29 MB
       Class:  3.44 MB
        Both:  6.73 MB

MaxMetaspaceSize: unlimited
CompressedClassSpaceSize: 1.00 GB
Initial GC threshold: 21.00 MB
Current GC threshold: 147.50 MB
CDS: off
MetaspaceReclaimPolicy: balanced
 - commit_granule_bytes: 65536.
 - commit_granule_words: 8192.
 - virtual_space_node_default_size: 1048576.
 - enlarge_chunks_in_place: 1.
 - new_chunks_are_fully_committed: 0.
 - uncommit_free_chunks: 1.
 - use_allocation_guard: 0.
 - handle_deallocations: 1.


Internal statistics:

num_allocs_failed_limit: 6.
num_arena_births: 982.
num_arena_deaths: 0.
num_vsnodes_births: 11.
num_vsnodes_deaths: 0.
num_space_committed: 1426.
num_space_uncommitted: 0.
num_chunks_returned_to_freelist: 6.
num_chunks_taken_from_freelist: 4275.
num_chunk_merges: 6.
num_chunk_splits: 2826.
num_chunks_enlarged: 1914.
num_purges: 0.
num_inconsistent_stats: 0.

CodeHeap 'non-profiled nmethods': size=120000Kb used=5359Kb max_used=5585Kb free=114640Kb
 bounds [0x0000023b6e520000, 0x0000023b6eaa0000, 0x0000023b75a50000]
CodeHeap 'profiled nmethods': size=120000Kb used=16746Kb max_used=16980Kb free=103253Kb
 bounds [0x0000023b66a50000, 0x0000023b67af0000, 0x0000023b6df80000]
CodeHeap 'non-nmethods': size=5760Kb used=2395Kb max_used=2466Kb free=3364Kb
 bounds [0x0000023b6df80000, 0x0000023b6e200000, 0x0000023b6e520000]
 total_blobs=9936 nmethods=9019 adapters=829
 compilation: enabled
              stopped_count=0, restarted_count=0
 full_count=0

Compilation events (20 events):
Event: 8.331 Thread 0x0000023b7e960470 nmethod 10525 0x0000023b6e8d5c90 code [0x0000023b6e8d5e40, 0x0000023b6e8d63c8]
Event: 8.332 Thread 0x0000023b7e489130 10527       3       org.gradle.internal.operations.DefaultBuildOperationQueue$WorkerRunnable$$Lambda$725/0x0000000100719968::create (12 bytes)
Event: 8.332 Thread 0x0000023b7e960470 10531       4       org.gradle.internal.operations.DefaultBuildOperationExecutor$ListenerAdapter::close (1 bytes)
Event: 8.332 Thread 0x0000023b7e960470 nmethod 10531 0x0000023b6e8d5990 code [0x0000023b6e8d5b00, 0x0000023b6e8d5b78]
Event: 8.332 Thread 0x0000023b7e489130 nmethod 10527 0x0000023b66af0a90 code [0x0000023b66af0c40, 0x0000023b66af0d88]
Event: 8.332 Thread 0x0000023b7e489130 10528       3       org.gradle.internal.operations.DefaultBuildOperationQueue$WorkerRunnable::lambda$runBatch$1 (42 bytes)
Event: 8.332 Thread 0x0000023b7e960470 10534       4       java.io.WinNTFileSystem::resolve (275 bytes)
Event: 8.333 Thread 0x0000023b7e489130 nmethod 10528 0x0000023b66aef090 code [0x0000023b66aef360, 0x0000023b66af0368]
Event: 8.333 Thread 0x0000023b7e489130 10529       3       org.gradle.internal.operations.DefaultBuildOperationQueue$WorkerRunnable$$Lambda$734/0x000000010071a960::<init> (15 bytes)
Event: 8.333 Thread 0x0000023b7e489130 nmethod 10529 0x0000023b66aeeb90 code [0x0000023b66aeed40, 0x0000023b66aeef58]
Event: 8.333 Thread 0x0000023b7e489130 10530       3       org.gradle.internal.work.DefaultWorkerLeaseService::whileDisallowingProjectLockChanges (9 bytes)
Event: 8.333 Thread 0x0000023b7e489130 nmethod 10530 0x0000023b67255310 code [0x0000023b672554c0, 0x0000023b67255688]
Event: 8.333 Thread 0x0000023b7e489130 10532   !   3       org.gradle.internal.resources.AbstractResourceLockRegistry::whileDisallowingLockChanges (44 bytes)
Event: 8.333 Thread 0x0000023b7e489130 nmethod 10532 0x0000023b67254b90 code [0x0000023b67254d60, 0x0000023b672550f8]
Event: 8.333 Thread 0x0000023b7e489130 10533       3       org.gradle.internal.operations.DefaultBuildOperationQueue$WorkerRunnable$$Lambda$734/0x000000010071a960::create (12 bytes)
Event: 8.334 Thread 0x0000023b7e489130 nmethod 10533 0x0000023b67253f90 code [0x0000023b672541a0, 0x0000023b67254798]
Event: 8.334 Thread 0x0000023b7e489130 10535       3       java.nio.file.Files::newByteChannel (36 bytes)
Event: 8.335 Thread 0x0000023b7e489130 nmethod 10535 0x0000023b67253090 code [0x0000023b672532c0, 0x0000023b67253c18]
Event: 8.336 Thread 0x0000023b7e489130 10536       3       org.gradle.internal.file.impl.DefaultFileMetadata::directory (52 bytes)
Event: 8.336 Thread 0x0000023b7e489130 nmethod 10536 0x0000023b67252b10 code [0x0000023b67252cc0, 0x0000023b67252f68]

GC Heap History (20 events):
Event: 4.849 GC heap after
{Heap after GC invocations=22 (full 0):
 garbage-first heap   total 107520K, used 51381K [0x0000000080000000, 0x0000000100000000)
  region size 1024K, 3 young (3072K), 3 survivors (3072K)
 Metaspace       used 64580K, committed 65152K, reserved 1105920K
  class space    used 8617K, committed 8896K, reserved 1048576K
}
Event: 4.870 GC heap before
{Heap before GC invocations=22 (full 0):
 garbage-first heap   total 107520K, used 53429K [0x0000000080000000, 0x0000000100000000)
  region size 1024K, 5 young (5120K), 3 survivors (3072K)
 Metaspace       used 64841K, committed 65344K, reserved 1105920K
  class space    used 8637K, committed 8896K, reserved 1048576K
}
Event: 4.873 GC heap after
{Heap after GC invocations=23 (full 0):
 garbage-first heap   total 145408K, used 51422K [0x0000000080000000, 0x0000000100000000)
  region size 1024K, 1 young (1024K), 1 survivors (1024K)
 Metaspace       used 64841K, committed 65344K, reserved 1105920K
  class space    used 8637K, committed 8896K, reserved 1048576K
}
Event: 5.415 GC heap before
{Heap before GC invocations=23 (full 0):
 garbage-first heap   total 145408K, used 99550K [0x0000000080000000, 0x0000000100000000)
  region size 1024K, 48 young (49152K), 1 survivors (1024K)
 Metaspace       used 70350K, committed 70976K, reserved 1114112K
  class space    used 9371K, committed 9664K, reserved 1048576K
}
Event: 5.419 GC heap after
{Heap after GC invocations=24 (full 0):
 garbage-first heap   total 145408K, used 54039K [0x0000000080000000, 0x0000000100000000)
  region size 1024K, 4 young (4096K), 4 survivors (4096K)
 Metaspace       used 70350K, committed 70976K, reserved 1114112K
  class space    used 9371K, committed 9664K, reserved 1048576K
}
Event: 5.981 GC heap before
{Heap before GC invocations=24 (full 0):
 garbage-first heap   total 145408K, used 106263K [0x0000000080000000, 0x0000000100000000)
  region size 1024K, 55 young (56320K), 4 survivors (4096K)
 Metaspace       used 75061K, committed 75648K, reserved 1122304K
  class space    used 10024K, committed 10304K, reserved 1048576K
}
Event: 5.986 GC heap after
{Heap after GC invocations=25 (full 0):
 garbage-first heap   total 145408K, used 58536K [0x0000000080000000, 0x0000000100000000)
  region size 1024K, 7 young (7168K), 7 survivors (7168K)
 Metaspace       used 75061K, committed 75648K, reserved 1122304K
  class space    used 10024K, committed 10304K, reserved 1048576K
}
Event: 6.607 GC heap before
{Heap before GC invocations=25 (full 0):
 garbage-first heap   total 145408K, used 108712K [0x0000000080000000, 0x0000000100000000)
  region size 1024K, 56 young (57344K), 7 survivors (7168K)
 Metaspace       used 80873K, committed 81472K, reserved 1122304K
  class space    used 11021K, committed 11328K, reserved 1048576K
}
Event: 6.613 GC heap after
{Heap after GC invocations=26 (full 0):
 garbage-first heap   total 145408K, used 62573K [0x0000000080000000, 0x0000000100000000)
  region size 1024K, 4 young (4096K), 4 survivors (4096K)
 Metaspace       used 80873K, committed 81472K, reserved 1122304K
  class space    used 11021K, committed 11328K, reserved 1048576K
}
Event: 7.162 GC heap before
{Heap before GC invocations=26 (full 0):
 garbage-first heap   total 145408K, used 111725K [0x0000000080000000, 0x0000000100000000)
  region size 1024K, 52 young (53248K), 4 survivors (4096K)
 Metaspace       used 86646K, committed 87296K, reserved 1130496K
  class space    used 11854K, committed 12160K, reserved 1048576K
}
Event: 7.166 GC heap after
{Heap after GC invocations=27 (full 0):
 garbage-first heap   total 145408K, used 66044K [0x0000000080000000, 0x0000000100000000)
  region size 1024K, 7 young (7168K), 7 survivors (7168K)
 Metaspace       used 86646K, committed 87296K, reserved 1130496K
  class space    used 11854K, committed 12160K, reserved 1048576K
}
Event: 7.456 GC heap before
{Heap before GC invocations=27 (full 0):
 garbage-first heap   total 145408K, used 114172K [0x0000000080000000, 0x0000000100000000)
  region size 1024K, 54 young (55296K), 7 survivors (7168K)
 Metaspace       used 87847K, committed 88512K, reserved 1130496K
  class space    used 12010K, committed 12352K, reserved 1048576K
}
Event: 7.463 GC heap after
{Heap after GC invocations=28 (full 0):
 garbage-first heap   total 145408K, used 73185K [0x0000000080000000, 0x0000000100000000)
  region size 1024K, 7 young (7168K), 7 survivors (7168K)
 Metaspace       used 87847K, committed 88512K, reserved 1130496K
  class space    used 12010K, committed 12352K, reserved 1048576K
}
Event: 7.834 GC heap before
{Heap before GC invocations=28 (full 0):
 garbage-first heap   total 145408K, used 113121K [0x0000000080000000, 0x0000000100000000)
  region size 1024K, 47 young (48128K), 7 survivors (7168K)
 Metaspace       used 89909K, committed 90560K, reserved 1130496K
  class space    used 12406K, committed 12736K, reserved 1048576K
}
Event: 7.841 GC heap after
{Heap after GC invocations=29 (full 0):
 garbage-first heap   total 145408K, used 79511K [0x0000000080000000, 0x0000000100000000)
  region size 1024K, 6 young (6144K), 6 survivors (6144K)
 Metaspace       used 89909K, committed 90560K, reserved 1130496K
  class space    used 12406K, committed 12736K, reserved 1048576K
}
Event: 8.074 GC heap before
{Heap before GC invocations=30 (full 0):
 garbage-first heap   total 148480K, used 114327K [0x0000000080000000, 0x0000000100000000)
  region size 1024K, 41 young (41984K), 6 survivors (6144K)
 Metaspace       used 90101K, committed 90752K, reserved 1130496K
  class space    used 12412K, committed 12736K, reserved 1048576K
}
Event: 8.079 GC heap after
{Heap after GC invocations=31 (full 0):
 garbage-first heap   total 148480K, used 82675K [0x0000000080000000, 0x0000000100000000)
  region size 1024K, 5 young (5120K), 5 survivors (5120K)
 Metaspace       used 90101K, committed 90752K, reserved 1130496K
  class space    used 12412K, committed 12736K, reserved 1048576K
}
Event: 8.092 GC heap before
{Heap before GC invocations=31 (full 0):
 garbage-first heap   total 148480K, used 84723K [0x0000000080000000, 0x0000000100000000)
  region size 1024K, 7 young (7168K), 5 survivors (5120K)
 Metaspace       used 90117K, committed 90752K, reserved 1130496K
  class space    used 12412K, committed 12736K, reserved 1048576K
}
Event: 8.095 GC heap after
{Heap after GC invocations=32 (full 0):
 garbage-first heap   total 148480K, used 81918K [0x0000000080000000, 0x0000000100000000)
  region size 1024K, 1 young (1024K), 1 survivors (1024K)
 Metaspace       used 90117K, committed 90752K, reserved 1130496K
  class space    used 12412K, committed 12736K, reserved 1048576K
}
Event: 8.340 GC heap before
{Heap before GC invocations=32 (full 0):
 garbage-first heap   total 148480K, used 116734K [0x0000000080000000, 0x0000000100000000)
  region size 1024K, 36 young (36864K), 1 survivors (1024K)
 Metaspace       used 90621K, committed 91264K, reserved 1130496K
  class space    used 12460K, committed 12736K, reserved 1048576K
}

Dll operation events (2 events):
Event: 0.008 Loaded shared library C:\Program Files\Android\Android Studio\jbr\bin\java.dll
Event: 0.263 Loaded shared library C:\Program Files\Android\Android Studio\jbr\bin\verify.dll

Deoptimization events (20 events):
Event: 8.230 Thread 0x0000023b080f5350 Uncommon trap: trap_request=0xffffffbe fr.pc=0x0000023b6e6f459c relative=0x000000000000073c
Event: 8.230 Thread 0x0000023b080f5350 Uncommon trap: reason=profile_predicate action=maybe_recompile pc=0x0000023b6e6f459c method=java.util.Collections.indexedBinarySearch(Ljava/util/List;Ljava/lang/Object;Ljava/util/Comparator;)I @ 15 c2
Event: 8.230 Thread 0x0000023b080f5350 DEOPT PACKING pc=0x0000023b6e6f459c sp=0x000000b9265fc830
Event: 8.230 Thread 0x0000023b080f5350 DEOPT UNPACKING pc=0x0000023b6dfda1a3 sp=0x000000b9265fc6e0 mode 2
Event: 8.234 Thread 0x0000023b052f7f60 Uncommon trap: trap_request=0xffffff45 fr.pc=0x0000023b6e8f455c relative=0x00000000000015bc
Event: 8.234 Thread 0x0000023b052f7f60 Uncommon trap: reason=unstable_if action=reinterpret pc=0x0000023b6e8f455c method=java.util.concurrent.ConcurrentHashMap.addCount(JI)V @ 171 c2
Event: 8.234 Thread 0x0000023b052f7f60 DEOPT PACKING pc=0x0000023b6e8f455c sp=0x000000b9258fe140
Event: 8.234 Thread 0x0000023b052f7f60 DEOPT UNPACKING pc=0x0000023b6dfda1a3 sp=0x000000b9258fe010 mode 2
Event: 8.292 Thread 0x0000023b04d5df10 Uncommon trap: trap_request=0xffffff45 fr.pc=0x0000023b6e69e6fc relative=0x00000000000000dc
Event: 8.292 Thread 0x0000023b04d5df10 Uncommon trap: reason=unstable_if action=reinterpret pc=0x0000023b6e69e6fc method=org.gradle.api.internal.attributes.DefaultImmutableAttributes.equals(Ljava/lang/Object;)Z @ 2 c2
Event: 8.292 Thread 0x0000023b04d5df10 DEOPT PACKING pc=0x0000023b6e69e6fc sp=0x000000b9270f9650
Event: 8.292 Thread 0x0000023b04d5df10 DEOPT UNPACKING pc=0x0000023b6dfda1a3 sp=0x000000b9270f9560 mode 2
Event: 8.292 Thread 0x0000023b04d5df10 Uncommon trap: trap_request=0xffffff45 fr.pc=0x0000023b6e595160 relative=0x0000000000000060
Event: 8.292 Thread 0x0000023b04d5df10 Uncommon trap: reason=unstable_if action=reinterpret pc=0x0000023b6e595160 method=org.gradle.api.internal.attributes.DefaultImmutableAttributes.equals(Ljava/lang/Object;)Z @ 2 c2
Event: 8.292 Thread 0x0000023b04d5df10 DEOPT PACKING pc=0x0000023b6e595160 sp=0x000000b9270f95c0
Event: 8.292 Thread 0x0000023b04d5df10 DEOPT UNPACKING pc=0x0000023b6dfda1a3 sp=0x000000b9270f9550 mode 2
Event: 8.294 Thread 0x0000023b027f03b0 Uncommon trap: trap_request=0xffffff45 fr.pc=0x0000023b6e7ba468 relative=0x0000000000000428
Event: 8.294 Thread 0x0000023b027f03b0 Uncommon trap: reason=unstable_if action=reinterpret pc=0x0000023b6e7ba468 method=com.esotericsoftware.kryo.io.Input.readVarLong(Z)J @ 152 c2
Event: 8.294 Thread 0x0000023b027f03b0 DEOPT PACKING pc=0x0000023b6e7ba468 sp=0x000000b920dfe6e0
Event: 8.294 Thread 0x0000023b027f03b0 DEOPT UNPACKING pc=0x0000023b6dfda1a3 sp=0x000000b920dfe690 mode 2

Classes unloaded (0 events):
No events

Classes redefined (0 events):
No events

Internal exceptions (20 events):
Event: 7.601 Thread 0x0000023b080ef310 Exception <a 'java/lang/NoSuchMethodError'{0x0000000087d58d60}: static Lcom/android/buildanalyzer/common/AndroidGradlePluginAttributionData$TaskCategoryInfo;.<clinit>()V> (0x0000000087d58d60) 
thrown [s\src\hotspot\share\prims\jni.cpp, line 1108]
Event: 7.609 Thread 0x0000023b080ef310 Exception <a 'java/lang/NoSuchMethodError'{0x0000000087da90d8}: 'void java.lang.invoke.DirectMethodHandle$Holder.invokeSpecial(java.lang.Object, java.lang.Object, java.lang.Object, int)'> (0x0000000087da90d8) 
thrown [s\src\hotspot\share\interpreter\linkResolver.cpp, line 771]
Event: 7.759 Thread 0x0000023b04d5aef0 Exception <a 'java/lang/NoSuchMethodError'{0x000000008769c820}: 'void java.lang.invoke.DirectMethodHandle$Holder.invokeStatic(java.lang.Object, java.lang.Object, java.lang.Object, java.lang.Object, int, java.lang.Object, java.lang.Object)'> (0x000000008769c820) 
thrown [s\src\hotspot\share\interpreter\linkResolver.cpp, line 771]
Event: 7.778 Thread 0x0000023b01d2df20 Exception <a 'java/lang/NoSuchMethodError'{0x000000008727c208}: 'java.lang.Object java.lang.invoke.DirectMethodHandle$Holder.invokeSpecialIFC(java.lang.Object, java.lang.Object, java.lang.Object)'> (0x000000008727c208) 
thrown [s\src\hotspot\share\interpreter\linkResolver.cpp, line 771]
Event: 7.778 Thread 0x0000023b01d2d0b0 Exception <a 'java/lang/NoSuchMethodError'{0x00000000872a33a0}: 'java.lang.Object java.lang.invoke.DirectMethodHandle$Holder.invokeSpecialIFC(java.lang.Object, java.lang.Object, java.lang.Object)'> (0x00000000872a33a0) 
thrown [s\src\hotspot\share\interpreter\linkResolver.cpp, line 771]
Event: 7.778 Thread 0x0000023b01d27070 Exception <a 'java/lang/NoSuchMethodError'{0x0000000087289060}: 'java.lang.Object java.lang.invoke.DirectMethodHandle$Holder.invokeSpecialIFC(java.lang.Object, java.lang.Object, java.lang.Object)'> (0x0000000087289060) 
thrown [s\src\hotspot\share\interpreter\linkResolver.cpp, line 771]
Event: 7.778 Thread 0x0000023b04d5aef0 Exception <a 'java/lang/NoSuchMethodError'{0x000000008734dc78}: 'java.lang.Object java.lang.invoke.DirectMethodHandle$Holder.invokeSpecialIFC(java.lang.Object, java.lang.Object, java.lang.Object)'> (0x000000008734dc78) 
thrown [s\src\hotspot\share\interpreter\linkResolver.cpp, line 771]
Event: 7.778 Thread 0x0000023b052fa5e0 Exception <a 'java/lang/NoSuchMethodError'{0x000000008729d850}: 'java.lang.Object java.lang.invoke.DirectMethodHandle$Holder.invokeSpecialIFC(java.lang.Object, java.lang.Object, java.lang.Object)'> (0x000000008729d850) 
thrown [s\src\hotspot\share\interpreter\linkResolver.cpp, line 771]
Event: 7.779 Thread 0x0000023b080f5350 Exception <a 'java/lang/NoSuchMethodError'{0x00000000872ad028}: 'java.lang.Object java.lang.invoke.DirectMethodHandle$Holder.invokeSpecialIFC(java.lang.Object, java.lang.Object, java.lang.Object)'> (0x00000000872ad028) 
thrown [s\src\hotspot\share\interpreter\linkResolver.cpp, line 771]
Event: 7.779 Thread 0x0000023b04b3b790 Exception <a 'java/lang/NoSuchMethodError'{0x000000008728f408}: 'java.lang.Object java.lang.invoke.DirectMethodHandle$Holder.invokeSpecialIFC(java.lang.Object, java.lang.Object, java.lang.Object)'> (0x000000008728f408) 
thrown [s\src\hotspot\share\interpreter\linkResolver.cpp, line 771]
Event: 7.778 Thread 0x0000023b052f8430 Exception <a 'java/lang/NoSuchMethodError'{0x0000000087296af8}: 'java.lang.Object java.lang.invoke.DirectMethodHandle$Holder.invokeSpecialIFC(java.lang.Object, java.lang.Object, java.lang.Object)'> (0x0000000087296af8) 
thrown [s\src\hotspot\share\interpreter\linkResolver.cpp, line 771]
Event: 7.813 Thread 0x0000023b052f70f0 Implicit null exception at 0x0000023b6ea8625b to 0x0000023b6ea862e4
Event: 7.995 Thread 0x0000023b01d28880 Implicit null exception at 0x0000023b6e5d0004 to 0x0000023b6e5d0198
Event: 8.022 Thread 0x0000023b052f7f60 Exception <a 'java/lang/NoSuchMethodError'{0x000000008d3a24d8}: 'void java.lang.invoke.DirectMethodHandle$Holder.invokeVirtual(java.lang.Object, java.lang.Object)'> (0x000000008d3a24d8) 
thrown [s\src\hotspot\share\interpreter\linkResolver.cpp, line 771]
Event: 8.278 Thread 0x0000023b04d5df10 Exception <a 'java/lang/NoSuchMethodError'{0x0000000087671620}: static Lcom/android/build/gradle/internal/scope/InternalArtifactType;.<clinit>()V> (0x0000000087671620) 
thrown [s\src\hotspot\share\prims\jni.cpp, line 1108]
Event: 8.278 Thread 0x0000023b04d5df10 Exception <a 'java/lang/NoSuchMethodError'{0x0000000087672d78}: static Lcom/android/build/gradle/internal/scope/InternalArtifactType;.<clinit>()V> (0x0000000087672d78) 
thrown [s\src\hotspot\share\prims\jni.cpp, line 1108]
Event: 8.278 Thread 0x0000023b04d5df10 Exception <a 'java/lang/NoSuchMethodError'{0x0000000087675f18}: static Lcom/android/build/api/artifact/Artifact$Single;.<clinit>()V> (0x0000000087675f18) 
thrown [s\src\hotspot\share\prims\jni.cpp, line 1108]
Event: 8.278 Thread 0x0000023b04d5df10 Exception <a 'java/lang/NoSuchMethodError'{0x00000000876784a8}: static Ljava/lang/Object;.<clinit>()V> (0x00000000876784a8) 
thrown [s\src\hotspot\share\prims\jni.cpp, line 1108]
Event: 8.279 Thread 0x0000023b04d5df10 Exception <a 'java/lang/NoSuchMethodError'{0x000000008768eb08}: static Lcom/android/build/api/artifact/ArtifactKind;.<clinit>()V> (0x000000008768eb08) 
thrown [s\src\hotspot\share\prims\jni.cpp, line 1108]
Event: 8.279 Thread 0x0000023b04d5df10 Exception <a 'java/lang/NoSuchMethodError'{0x000000008768fcc8}: static Lcom/android/build/api/artifact/ArtifactKind;.<clinit>()V> (0x000000008768fcc8) 
thrown [s\src\hotspot\share\prims\jni.cpp, line 1108]

VM Operations (20 events):
Event: 7.921 Executing VM operation: G1Concurrent done
Event: 7.981 Executing VM operation: HandshakeAllThreads
Event: 7.982 Executing VM operation: HandshakeAllThreads done
Event: 8.057 Executing VM operation: ICBufferFull
Event: 8.058 Executing VM operation: ICBufferFull done
Event: 8.073 Executing VM operation: G1CollectForAllocation
Event: 8.079 Executing VM operation: G1CollectForAllocation done
Event: 8.092 Executing VM operation: G1CollectForAllocation
Event: 8.096 Executing VM operation: G1CollectForAllocation done
Event: 8.134 Executing VM operation: HandshakeAllThreads
Event: 8.134 Executing VM operation: HandshakeAllThreads done
Event: 8.239 Executing VM operation: ICBufferFull
Event: 8.239 Executing VM operation: ICBufferFull done
Event: 8.281 Executing VM operation: HandshakeAllThreads
Event: 8.281 Executing VM operation: HandshakeAllThreads done
Event: 8.289 Executing VM operation: HandshakeAllThreads
Event: 8.290 Executing VM operation: HandshakeAllThreads done
Event: 8.290 Executing VM operation: HandshakeAllThreads
Event: 8.291 Executing VM operation: HandshakeAllThreads done
Event: 8.340 Executing VM operation: G1CollectForAllocation

Events (20 events):
Event: 7.992 Thread 0x0000023b7e496040 flushing nmethod 0x0000023b677c2f10
Event: 7.992 Thread 0x0000023b7e496040 flushing nmethod 0x0000023b677c4210
Event: 7.992 Thread 0x0000023b7e496040 flushing nmethod 0x0000023b677c5610
Event: 7.993 Thread 0x0000023b7e496040 flushing nmethod 0x0000023b6780a990
Event: 7.993 Thread 0x0000023b7e496040 flushing nmethod 0x0000023b6780f710
Event: 7.993 Thread 0x0000023b7e496040 flushing nmethod 0x0000023b6786dd90
Event: 7.993 Thread 0x0000023b7e496040 flushing nmethod 0x0000023b6786e210
Event: 7.993 Thread 0x0000023b7e496040 flushing nmethod 0x0000023b6786e990
Event: 7.993 Thread 0x0000023b7e496040 flushing nmethod 0x0000023b678a7710
Event: 7.993 Thread 0x0000023b7e496040 flushing nmethod 0x0000023b678cd090
Event: 7.993 Thread 0x0000023b7e496040 flushing nmethod 0x0000023b678cd690
Event: 7.993 Thread 0x0000023b7e496040 flushing nmethod 0x0000023b679dad90
Event: 8.162 loading class java/util/Comparators$NaturalOrderComparator
Event: 8.162 loading class java/util/Comparators$NaturalOrderComparator done
Event: 8.162 loading class java/util/stream/SortedOps$SizedRefSortingSink
Event: 8.162 loading class java/util/stream/SortedOps$SizedRefSortingSink done
Event: 8.276 loading class java/util/concurrent/ConcurrentSkipListMap$KeySet
Event: 8.276 loading class java/util/concurrent/ConcurrentSkipListMap$KeySet done
Event: 8.277 loading class java/util/concurrent/ConcurrentSkipListMap$KeyIterator
Event: 8.277 loading class java/util/concurrent/ConcurrentSkipListMap$KeyIterator done


Dynamic libraries:
0x00007ff73f040000 - 0x00007ff73f04a000 	C:\Program Files\Android\Android Studio\jbr\bin\java.exe
0x00007ff8196d0000 - 0x00007ff8198e7000 	C:\WINDOWS\SYSTEM32\ntdll.dll
0x00007ff818e40000 - 0x00007ff818f04000 	C:\WINDOWS\System32\KERNEL32.DLL
0x00007ff816e30000 - 0x00007ff8171d7000 	C:\WINDOWS\System32\KERNELBASE.dll
0x00007ff816c00000 - 0x00007ff816d11000 	C:\WINDOWS\System32\ucrtbase.dll
0x00007fffee660000 - 0x00007fffee67b000 	C:\Program Files\Android\Android Studio\jbr\bin\VCRUNTIME140.dll
0x00007ffffe280000 - 0x00007ffffe297000 	C:\Program Files\Android\Android Studio\jbr\bin\jli.dll
0x00007ff819270000 - 0x00007ff81941e000 	C:\WINDOWS\System32\USER32.dll
0x00007ff8171e0000 - 0x00007ff817206000 	C:\WINDOWS\System32\win32u.dll
0x00007ffffef70000 - 0x00007fffff203000 	C:\WINDOWS\WinSxS\amd64_microsoft.windows.common-controls_6595b64144ccf1df_6.0.22621.3527_none_270e469b73872a76\COMCTL32.dll
0x00007ff818310000 - 0x00007ff818339000 	C:\WINDOWS\System32\GDI32.dll
0x00007ff818f10000 - 0x00007ff818fb7000 	C:\WINDOWS\System32\msvcrt.dll
0x00007ff816ae0000 - 0x00007ff816bf9000 	C:\WINDOWS\System32\gdi32full.dll
0x00007ff816d20000 - 0x00007ff816dba000 	C:\WINDOWS\System32\msvcp_win.dll
0x00007ff8176d0000 - 0x00007ff817701000 	C:\WINDOWS\System32\IMM32.DLL
0x00007ffffc420000 - 0x00007ffffc42c000 	C:\Program Files\Android\Android Studio\jbr\bin\vcruntime140_1.dll
0x00007fffc8450000 - 0x00007fffc84dd000 	C:\Program Files\Android\Android Studio\jbr\bin\msvcp140.dll
0x00007fffc84e0000 - 0x00007fffc914e000 	C:\Program Files\Android\Android Studio\jbr\bin\server\jvm.dll
0x00007ff8194d0000 - 0x00007ff819582000 	C:\WINDOWS\System32\ADVAPI32.dll
0x00007ff817460000 - 0x00007ff817508000 	C:\WINDOWS\System32\sechost.dll
0x00007ff816ab0000 - 0x00007ff816ad8000 	C:\WINDOWS\System32\bcrypt.dll
0x00007ff818440000 - 0x00007ff818555000 	C:\WINDOWS\System32\RPCRT4.dll
0x00007fffea220000 - 0x00007fffea229000 	C:\WINDOWS\SYSTEM32\WSOCK32.dll
0x00007ff818dc0000 - 0x00007ff818e31000 	C:\WINDOWS\System32\WS2_32.dll
0x00007ff80fed0000 - 0x00007ff80ff04000 	C:\WINDOWS\SYSTEM32\WINMM.dll
0x00007ff80e220000 - 0x00007ff80e22a000 	C:\WINDOWS\SYSTEM32\VERSION.dll
0x00007ff8159d0000 - 0x00007ff8159e8000 	C:\WINDOWS\SYSTEM32\kernel.appcore.dll
0x00007ff8119f0000 - 0x00007ff8119fa000 	C:\Program Files\Android\Android Studio\jbr\bin\jimage.dll
0x00007ff8141f0000 - 0x00007ff814423000 	C:\WINDOWS\SYSTEM32\DBGHELP.DLL
0x00007ff817710000 - 0x00007ff817a98000 	C:\WINDOWS\System32\combase.dll
0x00007ff818040000 - 0x00007ff818117000 	C:\WINDOWS\System32\OLEAUT32.dll
0x00007ff80fe90000 - 0x00007ff80fec2000 	C:\WINDOWS\SYSTEM32\dbgcore.DLL
0x00007ff817210000 - 0x00007ff817289000 	C:\WINDOWS\System32\bcryptPrimitives.dll
0x00007ff807130000 - 0x00007ff807155000 	C:\Program Files\Android\Android Studio\jbr\bin\java.dll
0x00007fffff490000 - 0x00007fffff4a8000 	C:\Program Files\Android\Android Studio\jbr\bin\zip.dll
0x00007ff818560000 - 0x00007ff818dbc000 	C:\WINDOWS\System32\SHELL32.dll
0x00007ff8148e0000 - 0x00007ff8151d6000 	C:\WINDOWS\SYSTEM32\windows.storage.dll
0x00007ff8147a0000 - 0x00007ff8148de000 	C:\WINDOWS\SYSTEM32\wintypes.dll
0x00007ff818340000 - 0x00007ff818435000 	C:\WINDOWS\System32\SHCORE.dll
0x00007ff818fe0000 - 0x00007ff81903e000 	C:\WINDOWS\System32\shlwapi.dll
0x00007ff816920000 - 0x00007ff816941000 	C:\WINDOWS\SYSTEM32\profapi.dll
0x00007fffff470000 - 0x00007fffff489000 	C:\Program Files\Android\Android Studio\jbr\bin\net.dll
0x00007ff8104b0000 - 0x00007ff8105e6000 	C:\WINDOWS\SYSTEM32\WINHTTP.dll
0x00007ff815e30000 - 0x00007ff815e99000 	C:\WINDOWS\system32\mswsock.dll
0x00007fffff450000 - 0x00007fffff466000 	C:\Program Files\Android\Android Studio\jbr\bin\nio.dll
0x00007ff80a060000 - 0x00007ff80a070000 	C:\Program Files\Android\Android Studio\jbr\bin\verify.dll
0x00007ffffc130000 - 0x00007ffffc157000 	C:\Users\oriol\.gradle\native\68d5fa5c4cc2d200863cafc0d521ce42e7d3e7ee720ec0a83991735586a16f82\windows-amd64\native-platform.dll
0x00007fffc6790000 - 0x00007fffc68d4000 	C:\Users\oriol\.gradle\native\e376f236ea51e6404a007f0833ffe2c6e607c4080706a723a18a27aeea778392\windows-amd64\native-platform-file-events.dll
0x00007fffff440000 - 0x00007fffff449000 	C:\Program Files\Android\Android Studio\jbr\bin\management.dll
0x00007ffffe270000 - 0x00007ffffe27b000 	C:\Program Files\Android\Android Studio\jbr\bin\management_ext.dll
0x00007ff818130000 - 0x00007ff818138000 	C:\WINDOWS\System32\PSAPI.DLL
0x00007ff8160d0000 - 0x00007ff8160eb000 	C:\WINDOWS\SYSTEM32\CRYPTSP.dll
0x00007ff815930000 - 0x00007ff815965000 	C:\WINDOWS\system32\rsaenh.dll
0x00007ff815ed0000 - 0x00007ff815ef8000 	C:\WINDOWS\SYSTEM32\USERENV.dll
0x00007ff816040000 - 0x00007ff81604c000 	C:\WINDOWS\SYSTEM32\CRYPTBASE.dll
0x00007ff815440000 - 0x00007ff81546d000 	C:\WINDOWS\SYSTEM32\IPHLPAPI.DLL
0x00007ff818150000 - 0x00007ff818159000 	C:\WINDOWS\System32\NSI.dll
0x00007ff80ff20000 - 0x00007ff80ff39000 	C:\WINDOWS\SYSTEM32\dhcpcsvc6.DLL
0x00007ff80fe10000 - 0x00007ff80fe2f000 	C:\WINDOWS\SYSTEM32\dhcpcsvc.DLL
0x00007ff815470000 - 0x00007ff815569000 	C:\WINDOWS\SYSTEM32\DNSAPI.dll
0x00007ffff2db0000 - 0x00007ffff2db8000 	C:\WINDOWS\system32\wshunix.dll

dbghelp: loaded successfully - version: 4.0.5 - missing functions: none
symbol engine: initialized successfully - sym options: 0x614 - pdb path: .;C:\Program Files\Android\Android Studio\jbr\bin;C:\WINDOWS\SYSTEM32;C:\WINDOWS\WinSxS\amd64_microsoft.windows.common-controls_6595b64144ccf1df_6.0.22621.3527_none_270e469b73872a76;C:\Program Files\Android\Android Studio\jbr\bin\server;C:\Users\oriol\.gradle\native\68d5fa5c4cc2d200863cafc0d521ce42e7d3e7ee720ec0a83991735586a16f82\windows-amd64;C:\Users\oriol\.gradle\native\e376f236ea51e6404a007f0833ffe2c6e607c4080706a723a18a27aeea778392\windows-amd64

VM Arguments:
jvm_args: --add-opens=java.base/java.util=ALL-UNNAMED --add-opens=java.base/java.lang=ALL-UNNAMED --add-opens=java.base/java.lang.invoke=ALL-UNNAMED --add-opens=java.prefs/java.util.prefs=ALL-UNNAMED --add-opens=java.base/java.nio.charset=ALL-UNNAMED --add-opens=java.base/java.net=ALL-UNNAMED --add-opens=java.base/java.util.concurrent.atomic=ALL-UNNAMED -Xmx2048m -Dfile.encoding=UTF-8 -Duser.country=US -Duser.language=en -Duser.variant 
java_command: org.gradle.launcher.daemon.bootstrap.GradleDaemon 8.0
java_class_path (initial): C:\Users\oriol\.gradle\wrapper\dists\gradle-8.0-bin\ca5e32bp14vu59qr306oxotwh\gradle-8.0\lib\gradle-launcher-8.0.jar
Launcher Type: SUN_STANDARD

[Global flags]
     intx CICompilerCount                          = 4                                         {product} {ergonomic}
     uint ConcGCThreads                            = 2                                         {product} {ergonomic}
     uint G1ConcRefinementThreads                  = 8                                         {product} {ergonomic}
   size_t G1HeapRegionSize                         = 1048576                                   {product} {ergonomic}
    uintx GCDrainStackTargetSize                   = 64                                        {product} {ergonomic}
   size_t InitialHeapSize                          = 266338304                                 {product} {ergonomic}
   size_t MarkStackSize                            = 4194304                                   {product} {ergonomic}
   size_t MaxHeapSize                              = 2147483648                                {product} {command line}
   size_t MaxNewSize                               = 1287651328                                {product} {ergonomic}
   size_t MinHeapDeltaBytes                        = 1048576                                   {product} {ergonomic}
   size_t MinHeapSize                              = 8388608                                   {product} {ergonomic}
    uintx NonNMethodCodeHeapSize                   = 5839372                                {pd product} {ergonomic}
    uintx NonProfiledCodeHeapSize                  = 122909434                              {pd product} {ergonomic}
    uintx ProfiledCodeHeapSize                     = 122909434                              {pd product} {ergonomic}
    uintx ReservedCodeCacheSize                    = 251658240                              {pd product} {ergonomic}
     bool SegmentedCodeCache                       = true                                      {product} {ergonomic}
   size_t SoftMaxHeapSize                          = 2147483648                             {manageable} {ergonomic}
     bool UseCompressedClassPointers               = true                           {product lp64_product} {ergonomic}
     bool UseCompressedOops                        = true                           {product lp64_product} {ergonomic}
     bool UseG1GC                                  = true                                      {product} {ergonomic}
     bool UseLargePagesIndividualAllocation        = false                                  {pd product} {ergonomic}

Logging:
Log output configuration:
 #0: stdout all=warning uptime,level,tags
 #1: stderr all=off uptime,level,tags

Environment Variables:
PATH=C:\Program Files\Microsoft MPI\Bin\;C:\Program Files\Common Files\Oracle\Java\javapath;C:\WINDOWS\system32;C:\WINDOWS;C:\WINDOWS\System32\Wbem;C:\WINDOWS\System32\WindowsPowerShell\v1.0\;C:\WINDOWS\System32\OpenSSH\;C:\Program Files\Git\cmd;C:\Users\oriol\AppData\Local\Microsoft\WindowsApps;;C:\Program Files\Azure Data Studio\bin;C:\Users\oriol\AppData\Local\Programs\Microsoft VS Code\bin
USERNAME=oriol
OS=Windows_NT
PROCESSOR_IDENTIFIER=Intel64 Family 6 Model 140 Stepping 2, GenuineIntel
TMP=C:\Users\oriol\AppData\Local\Temp
TEMP=C:\Users\oriol\AppData\Local\Temp


JNI global refs:
JNI global refs: 26, weak refs: 0

JNI global refs memory usage: 843, weak refs: 841


---------------  S Y S T E M  ---------------

OS:
 Windows 11 , 64 bit Build 22621 (10.0.22621.3527)
OS uptime: 0 days 21:19 hours
Hyper-V role detected

CPU: total 8 (initial active 8) (4 cores per cpu, 2 threads per core) family 6 model 140 stepping 2 microcode 0x22, cx8, cmov, fxsr, ht, mmx, 3dnowpref, sse, sse2, sse3, ssse3, sse4.1, sse4.2, popcnt, lzcnt, tsc, tscinvbit, avx, avx2, aes, erms, clmul, bmi1, bmi2, adx, avx512f, avx512dq, avx512cd, avx512bw, avx512vl, sha, fma, vzeroupper, avx512_vpopcntdq, avx512_vpclmulqdq, avx512_vaes, avx512_vnni, clflush, clflushopt, clwb, avx512_vbmi2, avx512_vbmi, hv

Memory: 4k page, system-wide physical 16167M (2329M free)
TotalPageFile size 17910M (AvailPageFile size 24M)
current process WorkingSet (physical memory assigned to process): 402M, peak: 402M
current process commit charge ("private bytes"): 437M, peak: 506M

vm_info: OpenJDK 64-Bit Server VM (17.0.6+0-b2043.56-10027231) for windows-amd64 JRE (17.0.6+0-b2043.56-10027231), built on Apr 28 2023 00:43:19 by "androidbuild" with MS VC++ 16.10 / 16.11 (VS2019)

END.
